Using pre-set license
Built from '2020.3/staging' branch; Version is '2020.3.26f1 (7298b473bc1a) revision 7510196'; Using compiler version '192528614'; Build Type 'Release'
OS: 'Windows 10  (10.0.19044) 64bit Core' Language: 'en' Physical Memory: 16317 MB
BatchMode: 1, IsHumanControllingUs: 0, StartBugReporterOnCrash: 0, Is64bit: 1, IsPro: 0

COMMAND LINE ARGUMENTS:
C:\Program Files\Unity\Hub\Editor\2020.3.26f1\Editor\Unity.exe
-adb2
-batchMode
-noUpm
-name
AssetImportWorker0
-projectPath
D:/Desktop/Work/Dis Project
-logFile
Logs/AssetImportWorker0.log
-srvPort
50394
Successfully changed project path to: D:/Desktop/Work/Dis Project
D:/Desktop/Work/Dis Project
Using Asset Import Pipeline V2.
Refreshing native plugins compatible for Editor in 38.42 ms, found 2 plugins.
Preloading 0 native plugins for Editor in 0.00 ms.
Initialize engine version: 2020.3.26f1 (7298b473bc1a)
[Subsystems] Discovering subsystems at path C:/Program Files/Unity/Hub/Editor/2020.3.26f1/Editor/Data/Resources/UnitySubsystems
[Subsystems] Discovering subsystems at path D:/Desktop/Work/Dis Project/Assets
GfxDevice: creating device client; threaded=0
Direct3D:
    Version:  Direct3D 11.0 [level 11.1]
    Renderer: NVIDIA GeForce GTX 1080 Ti (ID=0x1b06)
    Vendor:   
    VRAM:     11120 MB
    Driver:   31.0.15.2698
Initialize mono
Mono path[0] = 'C:/Program Files/Unity/Hub/Editor/2020.3.26f1/Editor/Data/Managed'
Mono path[1] = 'C:/Program Files/Unity/Hub/Editor/2020.3.26f1/Editor/Data/MonoBleedingEdge/lib/mono/unityjit'
Mono config path = 'C:/Program Files/Unity/Hub/Editor/2020.3.26f1/Editor/Data/MonoBleedingEdge/etc'
Using monoOptions --debugger-agent=transport=dt_socket,embedding=1,server=y,suspend=n,address=127.0.0.1:56856
Begin MonoManager ReloadAssembly
Registering precompiled unity dll's ...
Register platform support module: C:/Program Files/Unity/Hub/Editor/2020.3.26f1/Editor/Data/PlaybackEngines/WindowsStandaloneSupport/UnityEditor.WindowsStandalone.Extensions.dll
Registered in 0.002107 seconds.
Native extension for WindowsStandalone target not found
Refreshing native plugins compatible for Editor in 37.13 ms, found 2 plugins.
Preloading 0 native plugins for Editor in 0.00 ms.
Mono: successfully reloaded assembly
- Completed reload, in  0.548 seconds
Domain Reload Profiling:
	ReloadAssembly (549ms)
		BeginReloadAssembly (51ms)
			ExecutionOrderSort (0ms)
			DisableScriptedObjects (0ms)
			BackupInstance (0ms)
			ReleaseScriptingObjects (0ms)
			CreateAndSetChildDomain (1ms)
		EndReloadAssembly (427ms)
			LoadAssemblies (49ms)
			RebuildTransferFunctionScriptingTraits (0ms)
			SetupTypeCache (146ms)
			ReleaseScriptCaches (0ms)
			RebuildScriptCaches (28ms)
			SetupLoadedEditorAssemblies (151ms)
				LogAssemblyErrors (0ms)
				InitializePlatformSupportModulesInManaged (4ms)
				SetLoadedEditorAssemblies (0ms)
				RefreshPlugins (37ms)
				BeforeProcessingInitializeOnLoad (14ms)
				ProcessInitializeOnLoadAttributes (71ms)
				ProcessInitializeOnLoadMethodAttributes (25ms)
				AfterProcessingInitializeOnLoad (0ms)
				EditorAssembliesLoaded (0ms)
			ExecutionOrderSort2 (0ms)
			AwakeInstancesAfterBackupRestoration (0ms)
Platform modules already initialized, skipping
Registering precompiled user dll's ...
Registered in 0.003870 seconds.
Begin MonoManager ReloadAssembly
Native extension for WindowsStandalone target not found
Refreshing native plugins compatible for Editor in 0.28 ms, found 2 plugins.
Preloading 0 native plugins for Editor in 0.00 ms.
Mono: successfully reloaded assembly
- Completed reload, in  0.949 seconds
Domain Reload Profiling:
	ReloadAssembly (950ms)
		BeginReloadAssembly (129ms)
			ExecutionOrderSort (0ms)
			DisableScriptedObjects (4ms)
			BackupInstance (0ms)
			ReleaseScriptingObjects (0ms)
			CreateAndSetChildDomain (15ms)
		EndReloadAssembly (766ms)
			LoadAssemblies (81ms)
			RebuildTransferFunctionScriptingTraits (0ms)
			SetupTypeCache (265ms)
			ReleaseScriptCaches (0ms)
			RebuildScriptCaches (35ms)
			SetupLoadedEditorAssemblies (290ms)
				LogAssemblyErrors (0ms)
				InitializePlatformSupportModulesInManaged (4ms)
				SetLoadedEditorAssemblies (0ms)
				RefreshPlugins (0ms)
				BeforeProcessingInitializeOnLoad (74ms)
				ProcessInitializeOnLoadAttributes (187ms)
				ProcessInitializeOnLoadMethodAttributes (13ms)
				AfterProcessingInitializeOnLoad (10ms)
				EditorAssembliesLoaded (0ms)
			ExecutionOrderSort2 (0ms)
			AwakeInstancesAfterBackupRestoration (7ms)
Platform modules already initialized, skipping
========================================================================
Worker process is ready to serve import requests
Launched and connected shader compiler UnityShaderCompiler.exe after 0.04 seconds
Refreshing native plugins compatible for Editor in 0.26 ms, found 2 plugins.
Preloading 0 native plugins for Editor in 0.00 ms.
Unloading 1509 Unused Serialized files (Serialized files now loaded: 0)
System memory in use before: 67.8 MB.
System memory in use after: 67.9 MB.

Unloading 19 unused Assets to reduce memory usage. Loaded Objects now: 1942.
Total: 2.379200 ms (FindLiveObjects: 0.115400 ms CreateObjectMapping: 0.046400 ms MarkObjects: 2.164300 ms  DeleteObjects: 0.052300 ms)

AssetImportParameters requested are different than current active one (requested -> active):
  custom:framework-win-MediaFoundation: 216162199b28c13a410421893ffa2e32 -> 
  custom:video-decoder-ogg-theora: a1e56fd34408186e4bbccfd4996cb3dc -> 
  custom:container-muxer-webm: aa71ff27fc2769a1b78a27578f13a17b -> 
  custom:container-demuxer-webm: 4f35f7cbe854078d1ac9338744f61a02 -> 
  custom:container-demuxer-ogg: 62fdf1f143b41e24485cea50d1cbac27 -> 
  custom:video-encoder-webm-vp8: eb34c28f22e8b96e1ab97ce403110664 -> 
  custom:video-decoder-webm-vp8: 9c59270c3fd7afecdb556c50c9e8de78 -> 
  custom:audio-decoder-ogg-vorbis: bf7c407c2cedff20999df2af8eb42d56 -> 
  custom:audio-encoder-webm-vorbis: bf7c407c2cedff20999df2af8eb42d56 -> 
========================================================================
Received Import Request.
  path: Assets/WallBase.asset
  artifactKey: Guid(f648d0a40a2b6984fa5a5e70c29a46c1) Importer(815301076,1909f56bfc062723c751e8b465ee728b)
Start importing Assets/WallBase.asset using Guid(f648d0a40a2b6984fa5a5e70c29a46c1) Importer(815301076,1909f56bfc062723c751e8b465ee728b)  -> (artifact id: '21daaccc5ec4c88da458859e1ca67ae6') in 0.050052 seconds 
  Import took 0.066979 seconds .

========================================================================
Received Import Request.
  Time since last request: 202.214470 seconds.
  path: Assets/Alstrainfinite
  artifactKey: Guid(6b6f36d6adb349744916f2587a555b57) Importer(815301076,1909f56bfc062723c751e8b465ee728b)
Start importing Assets/Alstrainfinite using Guid(6b6f36d6adb349744916f2587a555b57) Importer(815301076,1909f56bfc062723c751e8b465ee728b)  -> (artifact id: '9ce53ef3b789dedbaf207f68038871ef') in 0.005193 seconds 
  Import took 0.007349 seconds .

========================================================================
Received Import Request.
  Time since last request: 0.957997 seconds.
  path: Assets/Alstrainfinite/KitchenCabinets
  artifactKey: Guid(623c91c1b1e885c4cba4227db6fa7953) Importer(815301076,1909f56bfc062723c751e8b465ee728b)
Start importing Assets/Alstrainfinite/KitchenCabinets using Guid(623c91c1b1e885c4cba4227db6fa7953) Importer(815301076,1909f56bfc062723c751e8b465ee728b)  -> (artifact id: '47494e9c79d2823856feeb95ccf7d518') in 0.005601 seconds 
  Import took 0.007629 seconds .

========================================================================
Received Import Request.
  Time since last request: 0.858171 seconds.
  path: Assets/Alstrainfinite/KitchenCabinets/Materials
  artifactKey: Guid(5346187531850004cad7f7b78b229a3f) Importer(815301076,1909f56bfc062723c751e8b465ee728b)
Start importing Assets/Alstrainfinite/KitchenCabinets/Materials using Guid(5346187531850004cad7f7b78b229a3f) Importer(815301076,1909f56bfc062723c751e8b465ee728b)  -> (artifact id: 'f34636abf2efa3f3aa0ce659d8265af8') in 0.005944 seconds 
  Import took 0.007810 seconds .

========================================================================
Received Import Request.
  Time since last request: 0.081799 seconds.
  path: Assets/Alstrainfinite/KitchenCabinets/Materials/Main.mat
  artifactKey: Guid(1e296b1cd7a13a8438594c76bf343b34) Importer(815301076,1909f56bfc062723c751e8b465ee728b)
Start importing Assets/Alstrainfinite/KitchenCabinets/Materials/Main.mat using Guid(1e296b1cd7a13a8438594c76bf343b34) Importer(815301076,1909f56bfc062723c751e8b465ee728b)  -> (artifact id: '066d3214e06d04d3363909569b3898be') in 0.081122 seconds 
  Import took 0.083201 seconds .

========================================================================
Received Import Request.
  Time since last request: 2.516892 seconds.
  path: Assets/Alstrainfinite/KitchenCabinets/Models
  artifactKey: Guid(9d38cd0df595e9b4689a2d8cbd53af38) Importer(815301076,1909f56bfc062723c751e8b465ee728b)
Start importing Assets/Alstrainfinite/KitchenCabinets/Models using Guid(9d38cd0df595e9b4689a2d8cbd53af38) Importer(815301076,1909f56bfc062723c751e8b465ee728b)  -> (artifact id: 'a112262f3496489edee93955ce8cfdbb') in 0.006115 seconds 
  Import took 0.008038 seconds .

========================================================================
Received Import Request.
  Time since last request: 0.064161 seconds.
  path: Assets/Alstrainfinite/KitchenCabinets/Models/Cabinet1.fbx
  artifactKey: Guid(d9107513779d27f4cb988c9bd62db193) Importer(815301076,1909f56bfc062723c751e8b465ee728b)
Start importing Assets/Alstrainfinite/KitchenCabinets/Models/Cabinet1.fbx using Guid(d9107513779d27f4cb988c9bd62db193) Importer(815301076,1909f56bfc062723c751e8b465ee728b)  -> (artifact id: '905a2c2186d7d15db3f3805430111373') in 0.076997 seconds 
  Import took 0.078982 seconds .

========================================================================
Received Import Request.
  Time since last request: 0.000218 seconds.
  path: Assets/Alstrainfinite/KitchenCabinets/Models/Cabinet3.fbx
  artifactKey: Guid(008bbf9059279de4d9dd225076b5ef12) Importer(815301076,1909f56bfc062723c751e8b465ee728b)
Start importing Assets/Alstrainfinite/KitchenCabinets/Models/Cabinet3.fbx using Guid(008bbf9059279de4d9dd225076b5ef12) Importer(815301076,1909f56bfc062723c751e8b465ee728b)  -> (artifact id: '90dea737517cdf12b56724bdc62876e9') in 0.015937 seconds 
  Import took 0.017807 seconds .

========================================================================
Received Import Request.
  Time since last request: 0.000233 seconds.
  path: Assets/Alstrainfinite/KitchenCabinets/Models/Cabinet2.fbx
  artifactKey: Guid(3d3a9b7ee2f038a4ba751b8c798247e9) Importer(815301076,1909f56bfc062723c751e8b465ee728b)
Start importing Assets/Alstrainfinite/KitchenCabinets/Models/Cabinet2.fbx using Guid(3d3a9b7ee2f038a4ba751b8c798247e9) Importer(815301076,1909f56bfc062723c751e8b465ee728b)  -> (artifact id: '26df448469ba2b8fca7769afb57f2ab3') in 0.015966 seconds 
  Import took 0.017765 seconds .

========================================================================
Received Import Request.
  Time since last request: 0.000190 seconds.
  path: Assets/Alstrainfinite/KitchenCabinets/Models/CornerCabinet1.fbx
  artifactKey: Guid(de6380a6119977c4692c0eaa17f3f170) Importer(815301076,1909f56bfc062723c751e8b465ee728b)
Start importing Assets/Alstrainfinite/KitchenCabinets/Models/CornerCabinet1.fbx using Guid(de6380a6119977c4692c0eaa17f3f170) Importer(815301076,1909f56bfc062723c751e8b465ee728b)  -> (artifact id: 'cd9613db1fcf8cb2d032f4908c557a13') in 0.016339 seconds 
  Import took 0.018131 seconds .

========================================================================
Received Import Request.
  Time since last request: 0.000224 seconds.
  path: Assets/Alstrainfinite/KitchenCabinets/Models/CornerCabinet2.fbx
  artifactKey: Guid(f73c4d92ecffb1742a089d669e5fe798) Importer(815301076,1909f56bfc062723c751e8b465ee728b)
Start importing Assets/Alstrainfinite/KitchenCabinets/Models/CornerCabinet2.fbx using Guid(f73c4d92ecffb1742a089d669e5fe798) Importer(815301076,1909f56bfc062723c751e8b465ee728b)  -> (artifact id: 'e8c09410ac58436c7edfade9374c46e8') in 0.015669 seconds 
  Import took 0.017491 seconds .

========================================================================
Received Import Request.
  Time since last request: 0.000213 seconds.
  path: Assets/Alstrainfinite/KitchenCabinets/Models/Cabinet5.fbx
  artifactKey: Guid(4e95033fa06329a47b7c03a22b10373c) Importer(815301076,1909f56bfc062723c751e8b465ee728b)
Start importing Assets/Alstrainfinite/KitchenCabinets/Models/Cabinet5.fbx using Guid(4e95033fa06329a47b7c03a22b10373c) Importer(815301076,1909f56bfc062723c751e8b465ee728b)  -> (artifact id: 'c6aed24a3fc5252b53fc2a16c0a4a30d') in 0.015551 seconds 
  Import took 0.017376 seconds .

========================================================================
Received Import Request.
  Time since last request: 0.000247 seconds.
  path: Assets/Alstrainfinite/KitchenCabinets/Models/Cabinet4.fbx
  artifactKey: Guid(08403b9a482b6f44fb5b8ef44f58dca7) Importer(815301076,1909f56bfc062723c751e8b465ee728b)
Start importing Assets/Alstrainfinite/KitchenCabinets/Models/Cabinet4.fbx using Guid(08403b9a482b6f44fb5b8ef44f58dca7) Importer(815301076,1909f56bfc062723c751e8b465ee728b)  -> (artifact id: 'e5fc623a0afaa6079aa307a534072c34') in 0.016416 seconds 
  Import took 0.032961 seconds .

========================================================================
Received Import Request.
  Time since last request: 53.407312 seconds.
  path: Assets/Alstrainfinite/KitchenCabinets/Models/Animation Ready
  artifactKey: Guid(0b19342d2b309f741ba0d07dac545737) Importer(815301076,1909f56bfc062723c751e8b465ee728b)
Start importing Assets/Alstrainfinite/KitchenCabinets/Models/Animation Ready using Guid(0b19342d2b309f741ba0d07dac545737) Importer(815301076,1909f56bfc062723c751e8b465ee728b)  -> (artifact id: 'f963354d725eda987bfddd36893a4dcd') in 0.005931 seconds 
  Import took 0.008209 seconds .

========================================================================
Received Import Request.
  Time since last request: 0.059626 seconds.
  path: Assets/Alstrainfinite/KitchenCabinets/Models/Animation Ready/Cabinet1-D1.fbx
  artifactKey: Guid(8cf28e65d83729648919ce04eaa9f7a7) Importer(815301076,1909f56bfc062723c751e8b465ee728b)
Start importing Assets/Alstrainfinite/KitchenCabinets/Models/Animation Ready/Cabinet1-D1.fbx using Guid(8cf28e65d83729648919ce04eaa9f7a7) Importer(815301076,1909f56bfc062723c751e8b465ee728b)  -> (artifact id: '754ba25a5c995691cedf54f575b9612e') in 0.016356 seconds 
  Import took 0.018378 seconds .

========================================================================
Received Import Request.
  Time since last request: 0.000230 seconds.
  path: Assets/Alstrainfinite/KitchenCabinets/Models/Animation Ready/Cabinet4-D2.fbx
  artifactKey: Guid(bc00b256bba87aa44a0ec84cd7722fb8) Importer(815301076,1909f56bfc062723c751e8b465ee728b)
Start importing Assets/Alstrainfinite/KitchenCabinets/Models/Animation Ready/Cabinet4-D2.fbx using Guid(bc00b256bba87aa44a0ec84cd7722fb8) Importer(815301076,1909f56bfc062723c751e8b465ee728b)  -> (artifact id: '678553de2db010e0f3a95cd2536af29f') in 0.016346 seconds 
  Import took 0.018198 seconds .

========================================================================
Received Import Request.
  Time since last request: 0.000175 seconds.
  path: Assets/Alstrainfinite/KitchenCabinets/Models/Animation Ready/Cabinet2-D1.fbx
  artifactKey: Guid(362c03d27673da046be40c2f5a4a0364) Importer(815301076,1909f56bfc062723c751e8b465ee728b)
Start importing Assets/Alstrainfinite/KitchenCabinets/Models/Animation Ready/Cabinet2-D1.fbx using Guid(362c03d27673da046be40c2f5a4a0364) Importer(815301076,1909f56bfc062723c751e8b465ee728b)  -> (artifact id: '6de1319def237a7cf432d9e354cbc327') in 0.016033 seconds 
  Import took 0.017943 seconds .

========================================================================
Received Import Request.
  Time since last request: 0.000208 seconds.
  path: Assets/Alstrainfinite/KitchenCabinets/Models/Animation Ready/Cabinet4.fbx
  artifactKey: Guid(37281118864dfe24598921f7e062870d) Importer(815301076,1909f56bfc062723c751e8b465ee728b)
Start importing Assets/Alstrainfinite/KitchenCabinets/Models/Animation Ready/Cabinet4.fbx using Guid(37281118864dfe24598921f7e062870d) Importer(815301076,1909f56bfc062723c751e8b465ee728b)  -> (artifact id: '8c7e589534981e73f8833e34e774b8f0') in 0.026825 seconds 
  Import took 0.043649 seconds .

========================================================================
Received Import Request.
  Time since last request: 0.000190 seconds.
  path: Assets/Alstrainfinite/KitchenCabinets/Models/Animation Ready/Cabinet1-D5.fbx
  artifactKey: Guid(7cf435a4ba317da4594ea488cb96306b) Importer(815301076,1909f56bfc062723c751e8b465ee728b)
Start importing Assets/Alstrainfinite/KitchenCabinets/Models/Animation Ready/Cabinet1-D5.fbx using Guid(7cf435a4ba317da4594ea488cb96306b) Importer(815301076,1909f56bfc062723c751e8b465ee728b)  -> (artifact id: '8f6393a8090530321705036371fa20af') in 0.015971 seconds 
  Import took 0.017817 seconds .

========================================================================
Received Import Request.
  Time since last request: 0.000205 seconds.
  path: Assets/Alstrainfinite/KitchenCabinets/Models/Animation Ready/CornerCabinet1.fbx
  artifactKey: Guid(52d17e60ae9d7894c95be81302b585c3) Importer(815301076,1909f56bfc062723c751e8b465ee728b)
Start importing Assets/Alstrainfinite/KitchenCabinets/Models/Animation Ready/CornerCabinet1.fbx using Guid(52d17e60ae9d7894c95be81302b585c3) Importer(815301076,1909f56bfc062723c751e8b465ee728b)  -> (artifact id: 'b565c31b8dc019332d6f0d3d5dc9cb3a') in 0.025550 seconds 
  Import took 0.027502 seconds .

========================================================================
Received Import Request.
  Time since last request: 0.000228 seconds.
  path: Assets/Alstrainfinite/KitchenCabinets/Models/Animation Ready/Cabinet3-D2.fbx
  artifactKey: Guid(5df28faba6937b94a8678c6991af0b91) Importer(815301076,1909f56bfc062723c751e8b465ee728b)
Start importing Assets/Alstrainfinite/KitchenCabinets/Models/Animation Ready/Cabinet3-D2.fbx using Guid(5df28faba6937b94a8678c6991af0b91) Importer(815301076,1909f56bfc062723c751e8b465ee728b)  -> (artifact id: '67d4db1f02cd22d1129dc8dfa4f1ad19') in 0.016008 seconds 
  Import took 0.017878 seconds .

========================================================================
Received Import Request.
  Time since last request: 0.000201 seconds.
  path: Assets/Alstrainfinite/KitchenCabinets/Models/Animation Ready/Cabinet5-D1.fbx
  artifactKey: Guid(37baf40f101b0c34599d9a2ca50e831a) Importer(815301076,1909f56bfc062723c751e8b465ee728b)
Start importing Assets/Alstrainfinite/KitchenCabinets/Models/Animation Ready/Cabinet5-D1.fbx using Guid(37baf40f101b0c34599d9a2ca50e831a) Importer(815301076,1909f56bfc062723c751e8b465ee728b)  -> (artifact id: 'e1e0fbf30af8503e6bd58e1618b60acf') in 0.016391 seconds 
  Import took 0.018369 seconds .

========================================================================
Received Import Request.
  Time since last request: 0.000209 seconds.
  path: Assets/Alstrainfinite/KitchenCabinets/Models/Animation Ready/Cabinet1-D4.fbx
  artifactKey: Guid(6e99d962d109d7b41ba14f7c965154af) Importer(815301076,1909f56bfc062723c751e8b465ee728b)
Start importing Assets/Alstrainfinite/KitchenCabinets/Models/Animation Ready/Cabinet1-D4.fbx using Guid(6e99d962d109d7b41ba14f7c965154af) Importer(815301076,1909f56bfc062723c751e8b465ee728b)  -> (artifact id: '0e6fba0e3c781c78a2a69686b8d9ec24') in 0.016211 seconds 
  Import took 0.020643 seconds .

========================================================================
Received Import Request.
  Time since last request: 0.000206 seconds.
  path: Assets/Alstrainfinite/KitchenCabinets/Models/Animation Ready/Cabinet2-D2.fbx
  artifactKey: Guid(fb853f4c5d68e9d47ae507086ce636fd) Importer(815301076,1909f56bfc062723c751e8b465ee728b)
Start importing Assets/Alstrainfinite/KitchenCabinets/Models/Animation Ready/Cabinet2-D2.fbx using Guid(fb853f4c5d68e9d47ae507086ce636fd) Importer(815301076,1909f56bfc062723c751e8b465ee728b)  -> (artifact id: 'cd2683bee112337ea84eabf8b909117d') in 0.016125 seconds 
  Import took 0.017963 seconds .

========================================================================
Received Import Request.
  Time since last request: 0.000196 seconds.
  path: Assets/Alstrainfinite/KitchenCabinets/Models/Animation Ready/Cabinet2.fbx
  artifactKey: Guid(295517148c756ff45abbf00fc1cc2c9d) Importer(815301076,1909f56bfc062723c751e8b465ee728b)
Start importing Assets/Alstrainfinite/KitchenCabinets/Models/Animation Ready/Cabinet2.fbx using Guid(295517148c756ff45abbf00fc1cc2c9d) Importer(815301076,1909f56bfc062723c751e8b465ee728b)  -> (artifact id: '768e26fe5bfcbd4acca8decb8d3dbaa5') in 0.030364 seconds 
  Import took 0.032265 seconds .

========================================================================
Received Import Request.
  Time since last request: 0.000176 seconds.
  path: Assets/Alstrainfinite/KitchenCabinets/Models/Animation Ready/Cabinet4-D1.fbx
  artifactKey: Guid(b54dcb8d06f662442b588ddf849fe2fb) Importer(815301076,1909f56bfc062723c751e8b465ee728b)
Start importing Assets/Alstrainfinite/KitchenCabinets/Models/Animation Ready/Cabinet4-D1.fbx using Guid(b54dcb8d06f662442b588ddf849fe2fb) Importer(815301076,1909f56bfc062723c751e8b465ee728b)  -> (artifact id: '9262a2d1b2883bc1c57dc5d62850ce21') in 0.016082 seconds 
  Import took 0.021184 seconds .

========================================================================
Received Import Request.
  Time since last request: 0.000207 seconds.
  path: Assets/Alstrainfinite/KitchenCabinets/Models/Animation Ready/Cabinet1.fbx
  artifactKey: Guid(a4fedeb4f03d9a244bfa3c9157637d34) Importer(815301076,1909f56bfc062723c751e8b465ee728b)
Start importing Assets/Alstrainfinite/KitchenCabinets/Models/Animation Ready/Cabinet1.fbx using Guid(a4fedeb4f03d9a244bfa3c9157637d34) Importer(815301076,1909f56bfc062723c751e8b465ee728b)  -> (artifact id: '9a6c20818f411ece87aaee60d3a4acaf') in 0.045796 seconds 
  Import took 0.070252 seconds .

========================================================================
Received Import Request.
  Time since last request: 0.000200 seconds.
  path: Assets/Alstrainfinite/KitchenCabinets/Models/Animation Ready/Cabinet5.fbx
  artifactKey: Guid(4e01f213806b39044bd585fa087b0569) Importer(815301076,1909f56bfc062723c751e8b465ee728b)
Start importing Assets/Alstrainfinite/KitchenCabinets/Models/Animation Ready/Cabinet5.fbx using Guid(4e01f213806b39044bd585fa087b0569) Importer(815301076,1909f56bfc062723c751e8b465ee728b)  -> (artifact id: 'd49c772b6e2b9d6e7b925e2af0470f3f') in 0.020173 seconds 
  Import took 0.022036 seconds .

========================================================================
Received Import Request.
  Time since last request: 0.000121 seconds.
  path: Assets/Alstrainfinite/KitchenCabinets/Models/Animation Ready/CornerCabinet2-D1.fbx
  artifactKey: Guid(f72a0fc27be05a940a36bf3454e58a8d) Importer(815301076,1909f56bfc062723c751e8b465ee728b)
Start importing Assets/Alstrainfinite/KitchenCabinets/Models/Animation Ready/CornerCabinet2-D1.fbx using Guid(f72a0fc27be05a940a36bf3454e58a8d) Importer(815301076,1909f56bfc062723c751e8b465ee728b)  -> (artifact id: 'ef6f517ce901fa6fea72cb8e24abdb9d') in 0.015685 seconds 
  Import took 0.031999 seconds .

========================================================================
Received Import Request.
  Time since last request: 0.000173 seconds.
  path: Assets/Alstrainfinite/KitchenCabinets/Models/Animation Ready/Cabinet1-D3.fbx
  artifactKey: Guid(aee29a0bd94d05c448e67f05c4276b0b) Importer(815301076,1909f56bfc062723c751e8b465ee728b)
Start importing Assets/Alstrainfinite/KitchenCabinets/Models/Animation Ready/Cabinet1-D3.fbx using Guid(aee29a0bd94d05c448e67f05c4276b0b) Importer(815301076,1909f56bfc062723c751e8b465ee728b)  -> (artifact id: '7f7d6681804139e79028b24c97ceebdb') in 0.016794 seconds 
  Import took 0.018707 seconds .

========================================================================
Received Import Request.
  Time since last request: 0.000135 seconds.
  path: Assets/Alstrainfinite/KitchenCabinets/Models/Animation Ready/Cabinet2-D3.fbx
  artifactKey: Guid(73885cefc3c82394d91db5d31c897236) Importer(815301076,1909f56bfc062723c751e8b465ee728b)
Start importing Assets/Alstrainfinite/KitchenCabinets/Models/Animation Ready/Cabinet2-D3.fbx using Guid(73885cefc3c82394d91db5d31c897236) Importer(815301076,1909f56bfc062723c751e8b465ee728b)  -> (artifact id: '309016cfd261d35bd94f51402f7e7355') in 0.015826 seconds 
  Import took 0.023808 seconds .

========================================================================
Received Import Request.
  Time since last request: 0.000139 seconds.
  path: Assets/Alstrainfinite/KitchenCabinets/Models/Animation Ready/Cabinet3-D3.fbx
  artifactKey: Guid(54659032b61128d4293a8f2e2a6ca5b1) Importer(815301076,1909f56bfc062723c751e8b465ee728b)
Start importing Assets/Alstrainfinite/KitchenCabinets/Models/Animation Ready/Cabinet3-D3.fbx using Guid(54659032b61128d4293a8f2e2a6ca5b1) Importer(815301076,1909f56bfc062723c751e8b465ee728b)  -> (artifact id: '17b6960e2d13e37ad0ae7b7ed202445e') in 0.015588 seconds 
  Import took 0.017517 seconds .

========================================================================
Received Import Request.
  Time since last request: 0.000141 seconds.
  path: Assets/Alstrainfinite/KitchenCabinets/Models/Animation Ready/CornerCabinet2.fbx
  artifactKey: Guid(da24921f51e46824e85d6e4b25565ef8) Importer(815301076,1909f56bfc062723c751e8b465ee728b)
Start importing Assets/Alstrainfinite/KitchenCabinets/Models/Animation Ready/CornerCabinet2.fbx using Guid(da24921f51e46824e85d6e4b25565ef8) Importer(815301076,1909f56bfc062723c751e8b465ee728b)  -> (artifact id: 'ed7f9ad0ba94fbeeb6aac66ce01d7e8e') in 0.025707 seconds 
  Import took 0.027740 seconds .

========================================================================
Received Import Request.
  Time since last request: 0.000158 seconds.
  path: Assets/Alstrainfinite/KitchenCabinets/Models/Animation Ready/CornerCabinet1-D1.fbx
  artifactKey: Guid(8e1b05abebdc4da4fbff2b0e72ce287a) Importer(815301076,1909f56bfc062723c751e8b465ee728b)
Start importing Assets/Alstrainfinite/KitchenCabinets/Models/Animation Ready/CornerCabinet1-D1.fbx using Guid(8e1b05abebdc4da4fbff2b0e72ce287a) Importer(815301076,1909f56bfc062723c751e8b465ee728b)  -> (artifact id: 'a1c0beb0ba71d2b5e39acb1388da0ad6') in 0.016564 seconds 
  Import took 0.018507 seconds .

========================================================================
Received Import Request.
  Time since last request: 0.000157 seconds.
  path: Assets/Alstrainfinite/KitchenCabinets/Models/Animation Ready/Cabinet3-D1.fbx
  artifactKey: Guid(5dd1d3505dbefc640adb578a74d0fbd0) Importer(815301076,1909f56bfc062723c751e8b465ee728b)
Start importing Assets/Alstrainfinite/KitchenCabinets/Models/Animation Ready/Cabinet3-D1.fbx using Guid(5dd1d3505dbefc640adb578a74d0fbd0) Importer(815301076,1909f56bfc062723c751e8b465ee728b)  -> (artifact id: '6bd5075611cf203f4a5c64a6777fb8aa') in 0.017505 seconds 
  Import took 0.019512 seconds .

========================================================================
Received Import Request.
  Time since last request: 0.000137 seconds.
  path: Assets/Alstrainfinite/KitchenCabinets/Models/Animation Ready/Cabinet3.fbx
  artifactKey: Guid(6fef99e51c349474d80e25ae32297150) Importer(815301076,1909f56bfc062723c751e8b465ee728b)
Start importing Assets/Alstrainfinite/KitchenCabinets/Models/Animation Ready/Cabinet3.fbx using Guid(6fef99e51c349474d80e25ae32297150) Importer(815301076,1909f56bfc062723c751e8b465ee728b)  -> (artifact id: '821c9f30541099fd8ad05998a668c9ae') in 0.029655 seconds 
  Import took 0.031766 seconds .

========================================================================
Received Import Request.
  Time since last request: 0.000132 seconds.
  path: Assets/Alstrainfinite/KitchenCabinets/Models/Animation Ready/Cabinet1-D2.fbx
  artifactKey: Guid(8afdb0554faa50842b69f1c3b550dec0) Importer(815301076,1909f56bfc062723c751e8b465ee728b)
Start importing Assets/Alstrainfinite/KitchenCabinets/Models/Animation Ready/Cabinet1-D2.fbx using Guid(8afdb0554faa50842b69f1c3b550dec0) Importer(815301076,1909f56bfc062723c751e8b465ee728b)  -> (artifact id: '1eaaa8317cfb4d351d5efecdefcdf22d') in 0.016144 seconds 
  Import took 0.018085 seconds .

========================================================================
Received Import Request.
  Time since last request: 0.000128 seconds.
  path: Assets/Alstrainfinite/KitchenCabinets/Models/Animation Ready/Cabinet1-D6.fbx
  artifactKey: Guid(6cb9b927035c6134fa351f6060ec9ced) Importer(815301076,1909f56bfc062723c751e8b465ee728b)
Start importing Assets/Alstrainfinite/KitchenCabinets/Models/Animation Ready/Cabinet1-D6.fbx using Guid(6cb9b927035c6134fa351f6060ec9ced) Importer(815301076,1909f56bfc062723c751e8b465ee728b)  -> (artifact id: 'd3449084fcbb78742ce8be97a4afdf47') in 0.015538 seconds 
  Import took 0.017379 seconds .

========================================================================
Received Import Request.
  Time since last request: 0.000208 seconds.
  path: Assets/Alstrainfinite/KitchenCabinets/Models/Animation Ready/CornerCabinet2-D2.fbx
  artifactKey: Guid(e3afe53aafd018d489a3f4dfe6b7b8a0) Importer(815301076,1909f56bfc062723c751e8b465ee728b)
Start importing Assets/Alstrainfinite/KitchenCabinets/Models/Animation Ready/CornerCabinet2-D2.fbx using Guid(e3afe53aafd018d489a3f4dfe6b7b8a0) Importer(815301076,1909f56bfc062723c751e8b465ee728b)  -> (artifact id: '736ff952c11a8834e18d5cfe3582bd2f') in 0.016787 seconds 
  Import took 0.018681 seconds .

========================================================================
Received Import Request.
  Time since last request: 0.000154 seconds.
  path: Assets/Alstrainfinite/KitchenCabinets/Models/Animation Ready/CornerCabinet1-D2.fbx
  artifactKey: Guid(b98b54b79f36c004bb07e8de8ca0222b) Importer(815301076,1909f56bfc062723c751e8b465ee728b)
Start importing Assets/Alstrainfinite/KitchenCabinets/Models/Animation Ready/CornerCabinet1-D2.fbx using Guid(b98b54b79f36c004bb07e8de8ca0222b) Importer(815301076,1909f56bfc062723c751e8b465ee728b)  -> (artifact id: 'd26623905c7300eff9c9bf47b0294a5e') in 0.016865 seconds 
  Import took 0.018853 seconds .

========================================================================
Received Import Request.
  Time since last request: 4.498564 seconds.
  path: Assets/Alstrainfinite/KitchenCabinets/Scenes
  artifactKey: Guid(d6d8b5cafcf299040864eb5d83b71933) Importer(815301076,1909f56bfc062723c751e8b465ee728b)
Start importing Assets/Alstrainfinite/KitchenCabinets/Scenes using Guid(d6d8b5cafcf299040864eb5d83b71933) Importer(815301076,1909f56bfc062723c751e8b465ee728b)  -> (artifact id: 'a44ba2a7e1337b53a37ca3385decca1c') in 0.005383 seconds 
  Import took 0.007479 seconds .

========================================================================
Received Import Request.
  Time since last request: 0.789615 seconds.
  path: Assets/Alstrainfinite/KitchenCabinets/Scenes/Demo materials
  artifactKey: Guid(5878142768478104f87f65489374764a) Importer(815301076,1909f56bfc062723c751e8b465ee728b)
Start importing Assets/Alstrainfinite/KitchenCabinets/Scenes/Demo materials using Guid(5878142768478104f87f65489374764a) Importer(815301076,1909f56bfc062723c751e8b465ee728b)  -> (artifact id: '98f788898dd62cb4f33377a5e8c00d17') in 0.006141 seconds 
  Import took 0.022880 seconds .

========================================================================
Received Import Request.
  Time since last request: 0.086067 seconds.
  path: Assets/Alstrainfinite/KitchenCabinets/Scenes/Demo materials/1.mat
  artifactKey: Guid(0f855615e2802664482ff4367aab8ea0) Importer(815301076,1909f56bfc062723c751e8b465ee728b)
Start importing Assets/Alstrainfinite/KitchenCabinets/Scenes/Demo materials/1.mat using Guid(0f855615e2802664482ff4367aab8ea0) Importer(815301076,1909f56bfc062723c751e8b465ee728b)  -> (artifact id: '605e71122d309cd2b8c427dcea0b42dd') in 0.009548 seconds 
  Import took 0.011702 seconds .

========================================================================
Received Import Request.
  Time since last request: 0.000291 seconds.
  path: Assets/Alstrainfinite/KitchenCabinets/Scenes/Demo materials/2.mat
  artifactKey: Guid(3bf5bd6b320e4f240bfcd85c12a0dc77) Importer(815301076,1909f56bfc062723c751e8b465ee728b)
Start importing Assets/Alstrainfinite/KitchenCabinets/Scenes/Demo materials/2.mat using Guid(3bf5bd6b320e4f240bfcd85c12a0dc77) Importer(815301076,1909f56bfc062723c751e8b465ee728b)  -> (artifact id: '4ee1830d791e6136946dad8733b2ec83') in 0.011388 seconds 
  Import took 0.013357 seconds .

========================================================================
Received Import Request.
  Time since last request: 1.504971 seconds.
  path: Assets/Alstrainfinite/KitchenCabinets/Scenes/Demo.unity
  artifactKey: Guid(69c7196b2295f5d4ea57ab7967ca8fe3) Importer(815301076,1909f56bfc062723c751e8b465ee728b)
Start importing Assets/Alstrainfinite/KitchenCabinets/Scenes/Demo.unity using Guid(69c7196b2295f5d4ea57ab7967ca8fe3) Importer(815301076,1909f56bfc062723c751e8b465ee728b)  -> (artifact id: 'c33478532d7ecc95c965745c76a509ed') in 0.006630 seconds 
  Import took 0.008670 seconds .

========================================================================
Received Import Request.
  Time since last request: 125.289442 seconds.
  path: Assets/Alstrainfinite/KitchenAppliances
  artifactKey: Guid(c7d79f3de7145e74a88dbdd7898cb7d7) Importer(815301076,1909f56bfc062723c751e8b465ee728b)
Start importing Assets/Alstrainfinite/KitchenAppliances using Guid(c7d79f3de7145e74a88dbdd7898cb7d7) Importer(815301076,1909f56bfc062723c751e8b465ee728b)  -> (artifact id: '245cce6a191d3b2bf3228bafab00fcd5') in 0.006382 seconds 
  Import took 0.008632 seconds .

========================================================================
Received Import Request.
  Time since last request: 1.233552 seconds.
  path: Assets/Alstrainfinite/KitchenAppliances/Models
  artifactKey: Guid(091d9f0df1f5c714d99a3e3ccb16b67c) Importer(815301076,1909f56bfc062723c751e8b465ee728b)
Start importing Assets/Alstrainfinite/KitchenAppliances/Models using Guid(091d9f0df1f5c714d99a3e3ccb16b67c) Importer(815301076,1909f56bfc062723c751e8b465ee728b)  -> (artifact id: 'f6f6431ae49d4c893b2d5e6370b32cae') in 0.007647 seconds 
  Import took 0.010302 seconds .

========================================================================
Received Import Request.
  Time since last request: 0.058456 seconds.
  path: Assets/Alstrainfinite/KitchenAppliances/Models/AirFryer.fbx
  artifactKey: Guid(fa17e2793e3579542973f014c87702a9) Importer(815301076,1909f56bfc062723c751e8b465ee728b)
Start importing Assets/Alstrainfinite/KitchenAppliances/Models/AirFryer.fbx using Guid(fa17e2793e3579542973f014c87702a9) Importer(815301076,1909f56bfc062723c751e8b465ee728b)  -> (artifact id: '2b44a019c97b187c30d0e5edd5f5cba2') in 0.017892 seconds 
  Import took 0.019915 seconds .

========================================================================
Received Import Request.
  Time since last request: 0.000238 seconds.
  path: Assets/Alstrainfinite/KitchenAppliances/Models/Fridge.fbx
  artifactKey: Guid(7791aa6beaaa15148b5287a0538526d5) Importer(815301076,1909f56bfc062723c751e8b465ee728b)
Start importing Assets/Alstrainfinite/KitchenAppliances/Models/Fridge.fbx using Guid(7791aa6beaaa15148b5287a0538526d5) Importer(815301076,1909f56bfc062723c751e8b465ee728b)  -> (artifact id: '286d8d7526f1279126ebbaaa53e7ab6c') in 0.016125 seconds 
  Import took 0.017950 seconds .

========================================================================
Received Import Request.
  Time since last request: 0.000200 seconds.
  path: Assets/Alstrainfinite/KitchenAppliances/Models/Mixer.fbx
  artifactKey: Guid(d18450aa2239d6748a7bcc1dacb1c80a) Importer(815301076,1909f56bfc062723c751e8b465ee728b)
Start importing Assets/Alstrainfinite/KitchenAppliances/Models/Mixer.fbx using Guid(d18450aa2239d6748a7bcc1dacb1c80a) Importer(815301076,1909f56bfc062723c751e8b465ee728b)  -> (artifact id: 'd4e4efa96a0eead33668cc3c3e69288c') in 0.015199 seconds 
  Import took 0.017037 seconds .

========================================================================
Received Import Request.
  Time since last request: 0.000199 seconds.
  path: Assets/Alstrainfinite/KitchenAppliances/Models/FridgeSBS.fbx
  artifactKey: Guid(b37603f8ea8ba83489df2180bfd8eef2) Importer(815301076,1909f56bfc062723c751e8b465ee728b)
Start importing Assets/Alstrainfinite/KitchenAppliances/Models/FridgeSBS.fbx using Guid(b37603f8ea8ba83489df2180bfd8eef2) Importer(815301076,1909f56bfc062723c751e8b465ee728b)  -> (artifact id: 'b4008ddab1e5da0dd761bb7f44a9a3d4') in 0.015095 seconds 
  Import took 0.017012 seconds .

========================================================================
Received Import Request.
  Time since last request: 0.000177 seconds.
  path: Assets/Alstrainfinite/KitchenAppliances/Models/FanV2.fbx
  artifactKey: Guid(c77e880e4f8b4c14a9a7d8350f9d0ce1) Importer(815301076,1909f56bfc062723c751e8b465ee728b)
Start importing Assets/Alstrainfinite/KitchenAppliances/Models/FanV2.fbx using Guid(c77e880e4f8b4c14a9a7d8350f9d0ce1) Importer(815301076,1909f56bfc062723c751e8b465ee728b)  -> (artifact id: '0ed65401e866b349c7d3888840ea9c17') in 0.018949 seconds 
  Import took 0.020949 seconds .

========================================================================
Received Import Request.
  Time since last request: 0.000180 seconds.
  path: Assets/Alstrainfinite/KitchenAppliances/Models/Washer.fbx
  artifactKey: Guid(f1da24e6f87f419458e1913c5a2fe03b) Importer(815301076,1909f56bfc062723c751e8b465ee728b)
Start importing Assets/Alstrainfinite/KitchenAppliances/Models/Washer.fbx using Guid(f1da24e6f87f419458e1913c5a2fe03b) Importer(815301076,1909f56bfc062723c751e8b465ee728b)  -> (artifact id: '078235b9b46994eb0c41d8ca5dc9b78e') in 0.026049 seconds 
  Import took 0.028057 seconds .

========================================================================
Received Import Request.
  Time since last request: 0.000185 seconds.
  path: Assets/Alstrainfinite/KitchenAppliances/Models/Fan.fbx
  artifactKey: Guid(0bf0e70a8bd45044eaa51b5387ba5c07) Importer(815301076,1909f56bfc062723c751e8b465ee728b)
Start importing Assets/Alstrainfinite/KitchenAppliances/Models/Fan.fbx using Guid(0bf0e70a8bd45044eaa51b5387ba5c07) Importer(815301076,1909f56bfc062723c751e8b465ee728b)  -> (artifact id: '5db7ca9450a3f0d671bba6237903c0d6') in 0.015041 seconds 
  Import took 0.016921 seconds .

========================================================================
Received Import Request.
  Time since last request: 0.000208 seconds.
  path: Assets/Alstrainfinite/KitchenAppliances/Models/MicrowaveOven.fbx
  artifactKey: Guid(807f34e713b77474fa0b0cca977debae) Importer(815301076,1909f56bfc062723c751e8b465ee728b)
Start importing Assets/Alstrainfinite/KitchenAppliances/Models/MicrowaveOven.fbx using Guid(807f34e713b77474fa0b0cca977debae) Importer(815301076,1909f56bfc062723c751e8b465ee728b)  -> (artifact id: 'd6eb99c1069f464b288774754b0dd49f') in 0.014742 seconds 
  Import took 0.016568 seconds .

========================================================================
Received Import Request.
  Time since last request: 0.000210 seconds.
  path: Assets/Alstrainfinite/KitchenAppliances/Models/Stove.fbx
  artifactKey: Guid(6a4e254c0b0d9214ea7b53f9c0c43b10) Importer(815301076,1909f56bfc062723c751e8b465ee728b)
Start importing Assets/Alstrainfinite/KitchenAppliances/Models/Stove.fbx using Guid(6a4e254c0b0d9214ea7b53f9c0c43b10) Importer(815301076,1909f56bfc062723c751e8b465ee728b)  -> (artifact id: '4a6c965cddc01312b6a372193f81da16') in 0.016575 seconds 
  Import took 0.018393 seconds .

========================================================================
Received Import Request.
  Time since last request: 0.000225 seconds.
  path: Assets/Alstrainfinite/KitchenAppliances/Models/CoffeeMaker.fbx
  artifactKey: Guid(3241337d8654d9642b6e1340cb70c2b2) Importer(815301076,1909f56bfc062723c751e8b465ee728b)
Start importing Assets/Alstrainfinite/KitchenAppliances/Models/CoffeeMaker.fbx using Guid(3241337d8654d9642b6e1340cb70c2b2) Importer(815301076,1909f56bfc062723c751e8b465ee728b)  -> (artifact id: 'cb6f990ccb70f52343e657a4f9b316d6') in 0.014793 seconds 
  Import took 0.016602 seconds .

========================================================================
Received Import Request.
  Time since last request: 0.000181 seconds.
  path: Assets/Alstrainfinite/KitchenAppliances/Models/Dryer.fbx
  artifactKey: Guid(ea74eb1c1df4df74eb289c8040ea5b5d) Importer(815301076,1909f56bfc062723c751e8b465ee728b)
Start importing Assets/Alstrainfinite/KitchenAppliances/Models/Dryer.fbx using Guid(ea74eb1c1df4df74eb289c8040ea5b5d) Importer(815301076,1909f56bfc062723c751e8b465ee728b)  -> (artifact id: '8b83fe726ea2e953903304b200c83822') in 0.019415 seconds 
  Import took 0.021284 seconds .

========================================================================
Received Import Request.
  Time since last request: 0.000134 seconds.
  path: Assets/Alstrainfinite/KitchenAppliances/Models/Stovetop.fbx
  artifactKey: Guid(01bb90b911a563f4997a757b1861c000) Importer(815301076,1909f56bfc062723c751e8b465ee728b)
Start importing Assets/Alstrainfinite/KitchenAppliances/Models/Stovetop.fbx using Guid(01bb90b911a563f4997a757b1861c000) Importer(815301076,1909f56bfc062723c751e8b465ee728b)  -> (artifact id: '4c5c82cae5b0eddadff809370b4d4b54') in 0.029639 seconds 
  Import took 0.031546 seconds .

========================================================================
Received Import Request.
  Time since last request: 11.918616 seconds.
  path: Assets/Alstrainfinite/KitchenAppliances/Models/Seperated For Animation
  artifactKey: Guid(57d7cd2539f065b49830e264668c6083) Importer(815301076,1909f56bfc062723c751e8b465ee728b)
Start importing Assets/Alstrainfinite/KitchenAppliances/Models/Seperated For Animation using Guid(57d7cd2539f065b49830e264668c6083) Importer(815301076,1909f56bfc062723c751e8b465ee728b)  -> (artifact id: '7a5cf7d27925148adcef50ba89529db8') in 0.006511 seconds 
  Import took 0.008606 seconds .

========================================================================
Received Import Request.
  Time since last request: 0.075416 seconds.
  path: Assets/Alstrainfinite/KitchenAppliances/Models/Seperated For Animation/AirFryer.fbx
  artifactKey: Guid(0ac85a8a32feb7f43b8246c295d7a2f9) Importer(815301076,1909f56bfc062723c751e8b465ee728b)
Start importing Assets/Alstrainfinite/KitchenAppliances/Models/Seperated For Animation/AirFryer.fbx using Guid(0ac85a8a32feb7f43b8246c295d7a2f9) Importer(815301076,1909f56bfc062723c751e8b465ee728b)  -> (artifact id: 'b7148cee5e65bc67006f858da860d312') in 0.020682 seconds 
  Import took 0.022687 seconds .

========================================================================
Received Import Request.
  Time since last request: 0.000230 seconds.
  path: Assets/Alstrainfinite/KitchenAppliances/Models/Seperated For Animation/Fridge.fbx
  artifactKey: Guid(d47242c9dad9fd94da628bcf6fb36c2e) Importer(815301076,1909f56bfc062723c751e8b465ee728b)
Start importing Assets/Alstrainfinite/KitchenAppliances/Models/Seperated For Animation/Fridge.fbx using Guid(d47242c9dad9fd94da628bcf6fb36c2e) Importer(815301076,1909f56bfc062723c751e8b465ee728b)  -> (artifact id: 'ee52d6d738c9f0b16655610f45c56e0c') in 0.035227 seconds 
  Import took 0.037024 seconds .

========================================================================
Received Import Request.
  Time since last request: 0.000200 seconds.
  path: Assets/Alstrainfinite/KitchenAppliances/Models/Seperated For Animation/Microwave_Oven.fbx
  artifactKey: Guid(aa542ce8ee9f0a949b16c7a5f7856136) Importer(815301076,1909f56bfc062723c751e8b465ee728b)
Start importing Assets/Alstrainfinite/KitchenAppliances/Models/Seperated For Animation/Microwave_Oven.fbx using Guid(aa542ce8ee9f0a949b16c7a5f7856136) Importer(815301076,1909f56bfc062723c751e8b465ee728b)  -> (artifact id: '3f56de30d572e72bba029bdaff82782d') in 0.034642 seconds 
  Import took 0.036459 seconds .

========================================================================
Received Import Request.
  Time since last request: 0.000199 seconds.
  path: Assets/Alstrainfinite/KitchenAppliances/Models/Seperated For Animation/Fan.fbx
  artifactKey: Guid(0318c65d68ffd844abcfda15620f3577) Importer(815301076,1909f56bfc062723c751e8b465ee728b)
Start importing Assets/Alstrainfinite/KitchenAppliances/Models/Seperated For Animation/Fan.fbx using Guid(0318c65d68ffd844abcfda15620f3577) Importer(815301076,1909f56bfc062723c751e8b465ee728b)  -> (artifact id: 'bcdd2f6c97be9664036e404b0899a651') in 0.020825 seconds 
  Import took 0.049098 seconds .

========================================================================
Received Import Request.
  Time since last request: 0.000157 seconds.
  path: Assets/Alstrainfinite/KitchenAppliances/Models/Seperated For Animation/Washer.fbx
  artifactKey: Guid(8b5c6df027335f643a26ec88baebf5d5) Importer(815301076,1909f56bfc062723c751e8b465ee728b)
Start importing Assets/Alstrainfinite/KitchenAppliances/Models/Seperated For Animation/Washer.fbx using Guid(8b5c6df027335f643a26ec88baebf5d5) Importer(815301076,1909f56bfc062723c751e8b465ee728b)  -> (artifact id: '8c87871d81c0c53bbab7b45ec83b60c4') in 0.020481 seconds 
  Import took 0.022447 seconds .

========================================================================
Received Import Request.
  Time since last request: 0.000127 seconds.
  path: Assets/Alstrainfinite/KitchenAppliances/Models/Seperated For Animation/FanV2.fbx
  artifactKey: Guid(1b1bc434cbde3e84080f2381d5ab4b01) Importer(815301076,1909f56bfc062723c751e8b465ee728b)
Start importing Assets/Alstrainfinite/KitchenAppliances/Models/Seperated For Animation/FanV2.fbx using Guid(1b1bc434cbde3e84080f2381d5ab4b01) Importer(815301076,1909f56bfc062723c751e8b465ee728b)  -> (artifact id: 'cc60563339775375eddced9d3b723613') in 0.014660 seconds 
  Import took 0.016632 seconds .

========================================================================
Received Import Request.
  Time since last request: 0.000158 seconds.
  path: Assets/Alstrainfinite/KitchenAppliances/Models/Seperated For Animation/Fridge_SBS.fbx
  artifactKey: Guid(4ef85326d2b48fb48bee81014892b40d) Importer(815301076,1909f56bfc062723c751e8b465ee728b)
Start importing Assets/Alstrainfinite/KitchenAppliances/Models/Seperated For Animation/Fridge_SBS.fbx using Guid(4ef85326d2b48fb48bee81014892b40d) Importer(815301076,1909f56bfc062723c751e8b465ee728b)  -> (artifact id: '31248e1b51829e98f3fcc19f72871858') in 0.057860 seconds 
  Import took 0.060056 seconds .

========================================================================
Received Import Request.
  Time since last request: 0.000211 seconds.
  path: Assets/Alstrainfinite/KitchenAppliances/Models/Seperated For Animation/Stove.fbx
  artifactKey: Guid(18925ea6c93987e49979c5fcda598980) Importer(815301076,1909f56bfc062723c751e8b465ee728b)
Start importing Assets/Alstrainfinite/KitchenAppliances/Models/Seperated For Animation/Stove.fbx using Guid(18925ea6c93987e49979c5fcda598980) Importer(815301076,1909f56bfc062723c751e8b465ee728b)  -> (artifact id: 'a98d418cfa3d7d75cc731b6446ca9635') in 0.057113 seconds 
  Import took 0.059020 seconds .

========================================================================
Received Import Request.
  Time since last request: 0.000206 seconds.
  path: Assets/Alstrainfinite/KitchenAppliances/Models/Seperated For Animation/Coffee Maker.fbx
  artifactKey: Guid(41a656146f36f7a4287ca6e8bf87248d) Importer(815301076,1909f56bfc062723c751e8b465ee728b)
Start importing Assets/Alstrainfinite/KitchenAppliances/Models/Seperated For Animation/Coffee Maker.fbx using Guid(41a656146f36f7a4287ca6e8bf87248d) Importer(815301076,1909f56bfc062723c751e8b465ee728b)  -> (artifact id: '8448ce35a519a18c008c758c6df6aa85') in 0.028823 seconds 
  Import took 0.030773 seconds .

========================================================================
Received Import Request.
  Time since last request: 0.000178 seconds.
  path: Assets/Alstrainfinite/KitchenAppliances/Models/Seperated For Animation/Mixer.fbx
  artifactKey: Guid(ea8e93118a7927544a41c3ed730ce340) Importer(815301076,1909f56bfc062723c751e8b465ee728b)
Start importing Assets/Alstrainfinite/KitchenAppliances/Models/Seperated For Animation/Mixer.fbx using Guid(ea8e93118a7927544a41c3ed730ce340) Importer(815301076,1909f56bfc062723c751e8b465ee728b)  -> (artifact id: '7f38d4992a4c6ca03bca0cf2bd940ffc') in 0.014566 seconds 
  Import took 0.016403 seconds .

========================================================================
Received Import Request.
  Time since last request: 0.000204 seconds.
  path: Assets/Alstrainfinite/KitchenAppliances/Models/Seperated For Animation/Dryer.fbx
  artifactKey: Guid(da85c7832cc94284ea2e41c9715697e5) Importer(815301076,1909f56bfc062723c751e8b465ee728b)
Start importing Assets/Alstrainfinite/KitchenAppliances/Models/Seperated For Animation/Dryer.fbx using Guid(da85c7832cc94284ea2e41c9715697e5) Importer(815301076,1909f56bfc062723c751e8b465ee728b)  -> (artifact id: 'dc7011be730c8dfde85c0ce5dba6164b') in 0.019573 seconds 
  Import took 0.021457 seconds .

========================================================================
Received Import Request.
  Time since last request: 0.000207 seconds.
  path: Assets/Alstrainfinite/KitchenAppliances/Models/Seperated For Animation/Stovetop.fbx
  artifactKey: Guid(a458eddf41afe1a4793dca03fc1105be) Importer(815301076,1909f56bfc062723c751e8b465ee728b)
Start importing Assets/Alstrainfinite/KitchenAppliances/Models/Seperated For Animation/Stovetop.fbx using Guid(a458eddf41afe1a4793dca03fc1105be) Importer(815301076,1909f56bfc062723c751e8b465ee728b)  -> (artifact id: '0afecef7e323902885bc7e96ca5d8f50') in 0.014735 seconds 
  Import took 0.016572 seconds .

========================================================================
Received Import Request.
  Time since last request: 14.160709 seconds.
  path: Assets/Scenes/SampleScene.unity
  artifactKey: Guid(9fc0d4010bbf28b4594072e72b8655ab) Importer(815301076,1909f56bfc062723c751e8b465ee728b)
Start importing Assets/Scenes/SampleScene.unity using Guid(9fc0d4010bbf28b4594072e72b8655ab) Importer(815301076,1909f56bfc062723c751e8b465ee728b)  -> (artifact id: 'dd4f033e480744ee27bc2ebd46eb96d7') in 0.006742 seconds 
  Import took 0.022234 seconds .

========================================================================
Received Import Request.
  Time since last request: 89.342925 seconds.
  path: Assets/Alstrainfinite/KitchenCabinets/Prefabs
  artifactKey: Guid(4717ed51ca354b948aed1c41c4931630) Importer(815301076,1909f56bfc062723c751e8b465ee728b)
Start importing Assets/Alstrainfinite/KitchenCabinets/Prefabs using Guid(4717ed51ca354b948aed1c41c4931630) Importer(815301076,1909f56bfc062723c751e8b465ee728b)  -> (artifact id: 'a4dd609cfc7004522406f2d8a6960f66') in 0.005739 seconds 
  Import took 0.008061 seconds .

========================================================================
Received Import Request.
  Time since last request: 0.044647 seconds.
  path: Assets/Alstrainfinite/KitchenCabinets/Prefabs/Cabinet1.prefab
  artifactKey: Guid(a98587cbc1bc4db4e8a2530785da2a47) Importer(815301076,1909f56bfc062723c751e8b465ee728b)
Start importing Assets/Alstrainfinite/KitchenCabinets/Prefabs/Cabinet1.prefab using Guid(a98587cbc1bc4db4e8a2530785da2a47) Importer(815301076,1909f56bfc062723c751e8b465ee728b)  -> (artifact id: '103638be77719b485bba6ff1ad3dab03') in 0.011903 seconds 
  Import took 0.013946 seconds .

========================================================================
Received Import Request.
  Time since last request: 0.000233 seconds.
  path: Assets/Alstrainfinite/KitchenCabinets/Prefabs/Cabinet5.prefab
  artifactKey: Guid(34200d5e11ca6e4458c2704cebebdc60) Importer(815301076,1909f56bfc062723c751e8b465ee728b)
Start importing Assets/Alstrainfinite/KitchenCabinets/Prefabs/Cabinet5.prefab using Guid(34200d5e11ca6e4458c2704cebebdc60) Importer(815301076,1909f56bfc062723c751e8b465ee728b)  -> (artifact id: '322bb15876e04a3f2f2c0ff5e5b319c4') in 0.008984 seconds 
  Import took 0.010958 seconds .

========================================================================
Received Import Request.
  Time since last request: 0.000232 seconds.
  path: Assets/Alstrainfinite/KitchenCabinets/Prefabs/CornerCabinet2.prefab
  artifactKey: Guid(e4bf548c9cd79084ba0d488e8356c2df) Importer(815301076,1909f56bfc062723c751e8b465ee728b)
Start importing Assets/Alstrainfinite/KitchenCabinets/Prefabs/CornerCabinet2.prefab using Guid(e4bf548c9cd79084ba0d488e8356c2df) Importer(815301076,1909f56bfc062723c751e8b465ee728b)  -> (artifact id: '0ba7ea8cb32d01129dde1558fd4b75b3') in 0.008889 seconds 
  Import took 0.010847 seconds .

========================================================================
Received Import Request.
  Time since last request: 0.000229 seconds.
  path: Assets/Alstrainfinite/KitchenCabinets/Prefabs/Cabinet2.prefab
  artifactKey: Guid(a8c05189a2c370943b6d4162a18a95ee) Importer(815301076,1909f56bfc062723c751e8b465ee728b)
Start importing Assets/Alstrainfinite/KitchenCabinets/Prefabs/Cabinet2.prefab using Guid(a8c05189a2c370943b6d4162a18a95ee) Importer(815301076,1909f56bfc062723c751e8b465ee728b)  -> (artifact id: '5e9ef998cfd45bd3165b3a2d5c3eed99') in 0.008925 seconds 
  Import took 0.010766 seconds .

========================================================================
Received Import Request.
  Time since last request: 0.000234 seconds.
  path: Assets/Alstrainfinite/KitchenCabinets/Prefabs/Cabinet3.prefab
  artifactKey: Guid(a60af9d4af1e8344cb4b32732cd542ad) Importer(815301076,1909f56bfc062723c751e8b465ee728b)
Start importing Assets/Alstrainfinite/KitchenCabinets/Prefabs/Cabinet3.prefab using Guid(a60af9d4af1e8344cb4b32732cd542ad) Importer(815301076,1909f56bfc062723c751e8b465ee728b)  -> (artifact id: '21192dfbbc9c9472ba62af9da6d09cdf') in 0.008979 seconds 
  Import took 0.010844 seconds .

========================================================================
Received Import Request.
  Time since last request: 0.000233 seconds.
  path: Assets/Alstrainfinite/KitchenCabinets/Prefabs/Cabinet4.prefab
  artifactKey: Guid(6d6a8d9f57f0c0343af474c30aeecab5) Importer(815301076,1909f56bfc062723c751e8b465ee728b)
Start importing Assets/Alstrainfinite/KitchenCabinets/Prefabs/Cabinet4.prefab using Guid(6d6a8d9f57f0c0343af474c30aeecab5) Importer(815301076,1909f56bfc062723c751e8b465ee728b)  -> (artifact id: 'c7ffcb833460000ba73f784430cc3974') in 0.009539 seconds 
  Import took 0.011440 seconds .

========================================================================
Received Import Request.
  Time since last request: 0.000216 seconds.
  path: Assets/Alstrainfinite/KitchenCabinets/Prefabs/CornerCabinet1.prefab
  artifactKey: Guid(94b99c931b5c439468d52e7f9829c3aa) Importer(815301076,1909f56bfc062723c751e8b465ee728b)
Start importing Assets/Alstrainfinite/KitchenCabinets/Prefabs/CornerCabinet1.prefab using Guid(94b99c931b5c439468d52e7f9829c3aa) Importer(815301076,1909f56bfc062723c751e8b465ee728b)  -> (artifact id: '59acff9e6e5aa44358827bae43b8a158') in 0.013038 seconds 
  Import took 0.015070 seconds .

========================================================================
Received Import Request.
  Time since last request: 71.621735 seconds.
  path: Assets/Alstrainfinite/Usable Objs
  artifactKey: Guid(7c2f311f327190c47a8a14b76d2bbd46) Importer(815301076,1909f56bfc062723c751e8b465ee728b)
Start importing Assets/Alstrainfinite/Usable Objs using Guid(7c2f311f327190c47a8a14b76d2bbd46) Importer(815301076,1909f56bfc062723c751e8b465ee728b)  -> (artifact id: 'be42cb81366e5950ebb010e2aa787e8f') in 0.006074 seconds 
  Import took 0.008293 seconds .

========================================================================
Received Import Request.
  Time since last request: 36.418418 seconds.
  path: Assets/Alstrainfinite/KitchenAppliances/Prefabs
  artifactKey: Guid(657babed12cee9a4aa7f31cc9efe2082) Importer(815301076,1909f56bfc062723c751e8b465ee728b)
Start importing Assets/Alstrainfinite/KitchenAppliances/Prefabs using Guid(657babed12cee9a4aa7f31cc9efe2082) Importer(815301076,1909f56bfc062723c751e8b465ee728b)  -> (artifact id: '6e6e17c8d435c302d069e477769ad60c') in 0.002087 seconds 
  Import took 0.004428 seconds .

========================================================================
Received Import Request.
  Time since last request: 0.063027 seconds.
  path: Assets/Alstrainfinite/KitchenAppliances/Prefabs/AirFryer.prefab
  artifactKey: Guid(fbfe382c29a4ab547a520eb7084a534c) Importer(815301076,1909f56bfc062723c751e8b465ee728b)
Start importing Assets/Alstrainfinite/KitchenAppliances/Prefabs/AirFryer.prefab using Guid(fbfe382c29a4ab547a520eb7084a534c) Importer(815301076,1909f56bfc062723c751e8b465ee728b)  -> (artifact id: '22147c05fe2a38bf318d1ec41614b84f') in 0.009431 seconds 
  Import took 0.011465 seconds .

========================================================================
Received Import Request.
  Time since last request: 0.000188 seconds.
  path: Assets/Alstrainfinite/KitchenAppliances/Prefabs/Coffee Maker.prefab
  artifactKey: Guid(026bbb898b925f54b9fc6523b72e5933) Importer(815301076,1909f56bfc062723c751e8b465ee728b)
Start importing Assets/Alstrainfinite/KitchenAppliances/Prefabs/Coffee Maker.prefab using Guid(026bbb898b925f54b9fc6523b72e5933) Importer(815301076,1909f56bfc062723c751e8b465ee728b)  -> (artifact id: 'c4f075c16d8af308eb3c8294b2cd336f') in 0.009591 seconds 
  Import took 0.029829 seconds .

========================================================================
Received Import Request.
  Time since last request: 0.000256 seconds.
  path: Assets/Alstrainfinite/KitchenAppliances/Prefabs/Fan.prefab
  artifactKey: Guid(f14d1ac6dacfc0242bed295f91ed3591) Importer(815301076,1909f56bfc062723c751e8b465ee728b)
Start importing Assets/Alstrainfinite/KitchenAppliances/Prefabs/Fan.prefab using Guid(f14d1ac6dacfc0242bed295f91ed3591) Importer(815301076,1909f56bfc062723c751e8b465ee728b)  -> (artifact id: 'e4f0a813825d133532018783bd308a38') in 0.009112 seconds 
  Import took 0.011090 seconds .

========================================================================
Received Import Request.
  Time since last request: 0.000230 seconds.
  path: Assets/Alstrainfinite/KitchenAppliances/Prefabs/Fridge.prefab
  artifactKey: Guid(7b5ec1159cb969d4a8fe69fddc2f17d8) Importer(815301076,1909f56bfc062723c751e8b465ee728b)
Start importing Assets/Alstrainfinite/KitchenAppliances/Prefabs/Fridge.prefab using Guid(7b5ec1159cb969d4a8fe69fddc2f17d8) Importer(815301076,1909f56bfc062723c751e8b465ee728b)  -> (artifact id: '170f7b1b1c39bbecbb383a1067cea75c') in 0.009422 seconds 
  Import took 0.011337 seconds .

========================================================================
Received Import Request.
  Time since last request: 0.000256 seconds.
  path: Assets/Alstrainfinite/KitchenAppliances/Prefabs/FanV2.prefab
  artifactKey: Guid(08d28eaef00b28b41aefefc354079323) Importer(815301076,1909f56bfc062723c751e8b465ee728b)
Start importing Assets/Alstrainfinite/KitchenAppliances/Prefabs/FanV2.prefab using Guid(08d28eaef00b28b41aefefc354079323) Importer(815301076,1909f56bfc062723c751e8b465ee728b)  -> (artifact id: '14f2a655a9ee4f7bdaec8a92693a6079') in 0.012597 seconds 
  Import took 0.014591 seconds .

========================================================================
Received Import Request.
  Time since last request: 0.000122 seconds.
  path: Assets/Alstrainfinite/KitchenAppliances/Prefabs/Mixer.prefab
  artifactKey: Guid(0bd166eac535dfd43bc28b43190b289a) Importer(815301076,1909f56bfc062723c751e8b465ee728b)
Start importing Assets/Alstrainfinite/KitchenAppliances/Prefabs/Mixer.prefab using Guid(0bd166eac535dfd43bc28b43190b289a) Importer(815301076,1909f56bfc062723c751e8b465ee728b)  -> (artifact id: '752ea70241d9e44767757f16549423c5') in 0.009882 seconds 
  Import took 0.011873 seconds .

========================================================================
Received Import Request.
  Time since last request: 0.000249 seconds.
  path: Assets/Alstrainfinite/KitchenAppliances/Prefabs/Washer.prefab
  artifactKey: Guid(f767cce13dd852b4cbd5894364ae969e) Importer(815301076,1909f56bfc062723c751e8b465ee728b)
Start importing Assets/Alstrainfinite/KitchenAppliances/Prefabs/Washer.prefab using Guid(f767cce13dd852b4cbd5894364ae969e) Importer(815301076,1909f56bfc062723c751e8b465ee728b)  -> (artifact id: '6049863d48dc77b9c27752d838482acf') in 0.009201 seconds 
  Import took 0.011131 seconds .

========================================================================
Received Import Request.
  Time since last request: 0.000221 seconds.
  path: Assets/Alstrainfinite/KitchenAppliances/Prefabs/Dryer.prefab
  artifactKey: Guid(eae26ab7edb22a54e8fab415ccacc23e) Importer(815301076,1909f56bfc062723c751e8b465ee728b)
Start importing Assets/Alstrainfinite/KitchenAppliances/Prefabs/Dryer.prefab using Guid(eae26ab7edb22a54e8fab415ccacc23e) Importer(815301076,1909f56bfc062723c751e8b465ee728b)  -> (artifact id: 'a426416dca12d8d1538af71541f68ce0') in 0.009071 seconds 
  Import took 0.011000 seconds .

========================================================================
Received Import Request.
  Time since last request: 0.000213 seconds.
  path: Assets/Alstrainfinite/KitchenAppliances/Prefabs/Stove.prefab
  artifactKey: Guid(158f818f5cdf7f54f8cb6f3b74f535c8) Importer(815301076,1909f56bfc062723c751e8b465ee728b)
Start importing Assets/Alstrainfinite/KitchenAppliances/Prefabs/Stove.prefab using Guid(158f818f5cdf7f54f8cb6f3b74f535c8) Importer(815301076,1909f56bfc062723c751e8b465ee728b)  -> (artifact id: 'b92cf0675a044d7a9573b678594d3879') in 0.010252 seconds 
  Import took 0.012163 seconds .

========================================================================
Received Import Request.
  Time since last request: 0.000222 seconds.
  path: Assets/Alstrainfinite/KitchenAppliances/Prefabs/Stovetop.prefab
  artifactKey: Guid(eb766ebb61571b14baf76b08c8426daa) Importer(815301076,1909f56bfc062723c751e8b465ee728b)
Start importing Assets/Alstrainfinite/KitchenAppliances/Prefabs/Stovetop.prefab using Guid(eb766ebb61571b14baf76b08c8426daa) Importer(815301076,1909f56bfc062723c751e8b465ee728b)  -> (artifact id: '61927f357af9dc8771b86566d9cc0638') in 0.009012 seconds 
  Import took 0.010843 seconds .

========================================================================
Received Import Request.
  Time since last request: 0.000209 seconds.
  path: Assets/Alstrainfinite/KitchenAppliances/Prefabs/Fridge_SBS.prefab
  artifactKey: Guid(51ed19930404371458e8d3152edbad78) Importer(815301076,1909f56bfc062723c751e8b465ee728b)
Start importing Assets/Alstrainfinite/KitchenAppliances/Prefabs/Fridge_SBS.prefab using Guid(51ed19930404371458e8d3152edbad78) Importer(815301076,1909f56bfc062723c751e8b465ee728b)  -> (artifact id: 'a4023ef3b95b07cd3bb67819afd4655f') in 0.010217 seconds 
  Import took 0.012151 seconds .

========================================================================
Received Import Request.
  Time since last request: 0.000187 seconds.
  path: Assets/Alstrainfinite/KitchenAppliances/Prefabs/Microwave_Oven.prefab
  artifactKey: Guid(189a9280397c2594ba84092398c84bb3) Importer(815301076,1909f56bfc062723c751e8b465ee728b)
Start importing Assets/Alstrainfinite/KitchenAppliances/Prefabs/Microwave_Oven.prefab using Guid(189a9280397c2594ba84092398c84bb3) Importer(815301076,1909f56bfc062723c751e8b465ee728b)  -> (artifact id: '0ebcad8f21ba30e2df44aa21a1efa434') in 0.010300 seconds 
  Import took 0.012890 seconds .

========================================================================
Received Import Request.
  Time since last request: 2.100634 seconds.
  path: Assets/Alstrainfinite/KitchenAppliances/Prefabs/(Old) Version1.0
  artifactKey: Guid(4a36a735ae8b1b6448904b9708e8f55e) Importer(815301076,1909f56bfc062723c751e8b465ee728b)
Start importing Assets/Alstrainfinite/KitchenAppliances/Prefabs/(Old) Version1.0 using Guid(4a36a735ae8b1b6448904b9708e8f55e) Importer(815301076,1909f56bfc062723c751e8b465ee728b)  -> (artifact id: '4a252e1fff5a121abe4bf24965527cf3') in 0.006276 seconds 
  Import took 0.008745 seconds .

========================================================================
Received Import Request.
  Time since last request: 0.095116 seconds.
  path: Assets/Alstrainfinite/KitchenAppliances/Prefabs/(Old) Version1.0/AirFryer.prefab
  artifactKey: Guid(faf6c871a8458c24aa1a02ea4cf4d8b3) Importer(815301076,1909f56bfc062723c751e8b465ee728b)
Start importing Assets/Alstrainfinite/KitchenAppliances/Prefabs/(Old) Version1.0/AirFryer.prefab using Guid(faf6c871a8458c24aa1a02ea4cf4d8b3) Importer(815301076,1909f56bfc062723c751e8b465ee728b)  -> (artifact id: 'c06ec93543af45fc30a9ca70db2a209c') in 0.010245 seconds 
  Import took 0.012265 seconds .

========================================================================
Received Import Request.
  Time since last request: 0.000226 seconds.
  path: Assets/Alstrainfinite/KitchenAppliances/Prefabs/(Old) Version1.0/Stovetop.prefab
  artifactKey: Guid(390dd4c2d67112d42a4633c0a63e0def) Importer(815301076,1909f56bfc062723c751e8b465ee728b)
Start importing Assets/Alstrainfinite/KitchenAppliances/Prefabs/(Old) Version1.0/Stovetop.prefab using Guid(390dd4c2d67112d42a4633c0a63e0def) Importer(815301076,1909f56bfc062723c751e8b465ee728b)  -> (artifact id: '913143f6cba50b0ee0f1201382ccedc4') in 0.009732 seconds 
  Import took 0.011542 seconds .

========================================================================
Received Import Request.
  Time since last request: 0.000230 seconds.
  path: Assets/Alstrainfinite/KitchenAppliances/Prefabs/(Old) Version1.0/Washer.prefab
  artifactKey: Guid(bbf651e99fd157f4e822b8b66371a946) Importer(815301076,1909f56bfc062723c751e8b465ee728b)
Start importing Assets/Alstrainfinite/KitchenAppliances/Prefabs/(Old) Version1.0/Washer.prefab using Guid(bbf651e99fd157f4e822b8b66371a946) Importer(815301076,1909f56bfc062723c751e8b465ee728b)  -> (artifact id: 'cbc77c2294662cbbb703166597053feb') in 0.010418 seconds 
  Import took 0.012557 seconds .

========================================================================
Received Import Request.
  Time since last request: 0.000228 seconds.
  path: Assets/Alstrainfinite/KitchenAppliances/Prefabs/(Old) Version1.0/MicrowaveOven.prefab
  artifactKey: Guid(68305497718ac414598fe53957098f47) Importer(815301076,1909f56bfc062723c751e8b465ee728b)
Start importing Assets/Alstrainfinite/KitchenAppliances/Prefabs/(Old) Version1.0/MicrowaveOven.prefab using Guid(68305497718ac414598fe53957098f47) Importer(815301076,1909f56bfc062723c751e8b465ee728b)  -> (artifact id: '3e9b7b85dd18824003d1d11075226ddd') in 0.012625 seconds 
  Import took 0.014662 seconds .

========================================================================
Received Import Request.
  Time since last request: 0.000208 seconds.
  path: Assets/Alstrainfinite/KitchenAppliances/Prefabs/(Old) Version1.0/Dryer.prefab
  artifactKey: Guid(3103dcc75cee1ec4cba217971fd184be) Importer(815301076,1909f56bfc062723c751e8b465ee728b)
Start importing Assets/Alstrainfinite/KitchenAppliances/Prefabs/(Old) Version1.0/Dryer.prefab using Guid(3103dcc75cee1ec4cba217971fd184be) Importer(815301076,1909f56bfc062723c751e8b465ee728b)  -> (artifact id: '8b048dff3f782d48ce2858df4e3f1ebc') in 0.012875 seconds 
  Import took 0.015465 seconds .

========================================================================
Received Import Request.
  Time since last request: 0.000211 seconds.
  path: Assets/Alstrainfinite/KitchenAppliances/Prefabs/(Old) Version1.0/CoffeeMaker.prefab
  artifactKey: Guid(14fe1c4e689c6a14eb4f39a6eba45554) Importer(815301076,1909f56bfc062723c751e8b465ee728b)
Start importing Assets/Alstrainfinite/KitchenAppliances/Prefabs/(Old) Version1.0/CoffeeMaker.prefab using Guid(14fe1c4e689c6a14eb4f39a6eba45554) Importer(815301076,1909f56bfc062723c751e8b465ee728b)  -> (artifact id: '38747aac4e21c61ce640fcfae66e9b83') in 0.012039 seconds 
  Import took 0.014520 seconds .

========================================================================
Received Import Request.
  Time since last request: 0.000220 seconds.
  path: Assets/Alstrainfinite/KitchenAppliances/Prefabs/(Old) Version1.0/Fridge.prefab
  artifactKey: Guid(330da43e025295745907828267994ff3) Importer(815301076,1909f56bfc062723c751e8b465ee728b)
Start importing Assets/Alstrainfinite/KitchenAppliances/Prefabs/(Old) Version1.0/Fridge.prefab using Guid(330da43e025295745907828267994ff3) Importer(815301076,1909f56bfc062723c751e8b465ee728b)  -> (artifact id: '0ccb03f88dd3d4a6ed251f4cee7abe65') in 0.012705 seconds 
  Import took 0.015141 seconds .

========================================================================
Received Import Request.
  Time since last request: 0.000173 seconds.
  path: Assets/Alstrainfinite/KitchenAppliances/Prefabs/(Old) Version1.0/FridgeSBS.prefab
  artifactKey: Guid(88897531ce3817b40adb1b700509aa36) Importer(815301076,1909f56bfc062723c751e8b465ee728b)
Start importing Assets/Alstrainfinite/KitchenAppliances/Prefabs/(Old) Version1.0/FridgeSBS.prefab using Guid(88897531ce3817b40adb1b700509aa36) Importer(815301076,1909f56bfc062723c751e8b465ee728b)  -> (artifact id: '425104b35cdf2de754ccd72cb09f2402') in 0.008909 seconds 
  Import took 0.010893 seconds .

========================================================================
Received Import Request.
  Time since last request: 0.000200 seconds.
  path: Assets/Alstrainfinite/KitchenAppliances/Prefabs/(Old) Version1.0/FanV2.prefab
  artifactKey: Guid(d5fdaf74a9bc91242b841883b4c65b21) Importer(815301076,1909f56bfc062723c751e8b465ee728b)
Start importing Assets/Alstrainfinite/KitchenAppliances/Prefabs/(Old) Version1.0/FanV2.prefab using Guid(d5fdaf74a9bc91242b841883b4c65b21) Importer(815301076,1909f56bfc062723c751e8b465ee728b)  -> (artifact id: '78bded89cb7a6cc48aeee96fe0e11bd3') in 0.008837 seconds 
  Import took 0.010675 seconds .

========================================================================
Received Import Request.
  Time since last request: 0.000199 seconds.
  path: Assets/Alstrainfinite/KitchenAppliances/Prefabs/(Old) Version1.0/Mixer.prefab
  artifactKey: Guid(51375fb1aaf7a3a47be8f808c0a789f1) Importer(815301076,1909f56bfc062723c751e8b465ee728b)
Start importing Assets/Alstrainfinite/KitchenAppliances/Prefabs/(Old) Version1.0/Mixer.prefab using Guid(51375fb1aaf7a3a47be8f808c0a789f1) Importer(815301076,1909f56bfc062723c751e8b465ee728b)  -> (artifact id: '04c3eb22e4379599dc5121276f9b73ca') in 0.008635 seconds 
  Import took 0.010479 seconds .

========================================================================
Received Import Request.
  Time since last request: 0.000178 seconds.
  path: Assets/Alstrainfinite/KitchenAppliances/Prefabs/(Old) Version1.0/Stove.prefab
  artifactKey: Guid(8c673e3b356152a4ca8285cb58c4f615) Importer(815301076,1909f56bfc062723c751e8b465ee728b)
Start importing Assets/Alstrainfinite/KitchenAppliances/Prefabs/(Old) Version1.0/Stove.prefab using Guid(8c673e3b356152a4ca8285cb58c4f615) Importer(815301076,1909f56bfc062723c751e8b465ee728b)  -> (artifact id: '7a58d9534c655db6b2a980cda35519e6') in 0.008485 seconds 
  Import took 0.010323 seconds .

========================================================================
Received Import Request.
  Time since last request: 0.000171 seconds.
  path: Assets/Alstrainfinite/KitchenAppliances/Prefabs/(Old) Version1.0/Fan.prefab
  artifactKey: Guid(3b82bc407b968c4419abdc3183c6e1a4) Importer(815301076,1909f56bfc062723c751e8b465ee728b)
Start importing Assets/Alstrainfinite/KitchenAppliances/Prefabs/(Old) Version1.0/Fan.prefab using Guid(3b82bc407b968c4419abdc3183c6e1a4) Importer(815301076,1909f56bfc062723c751e8b465ee728b)  -> (artifact id: 'a98b3546b7977f4de99f764ec696a7a4') in 0.008444 seconds 
  Import took 0.010277 seconds .

========================================================================
Received Import Request.
  Time since last request: 202.913665 seconds.
  path: Assets/Alstrainfinite/Usable Objs/Cabinet5.prefab
  artifactKey: Guid(34200d5e11ca6e4458c2704cebebdc60) Importer(815301076,1909f56bfc062723c751e8b465ee728b)
Start importing Assets/Alstrainfinite/Usable Objs/Cabinet5.prefab using Guid(34200d5e11ca6e4458c2704cebebdc60) Importer(815301076,1909f56bfc062723c751e8b465ee728b)  -> (artifact id: 'e199e570a9fdeb36ca7bf28819b9035e') in 0.011678 seconds 
  Import took 0.014178 seconds .

========================================================================
Received Import Request.
  Time since last request: 4.814567 seconds.
  path: Assets/Alstrainfinite/Usable Objs/Cabinet5.prefab
  artifactKey: Guid(34200d5e11ca6e4458c2704cebebdc60) Importer(815301076,1909f56bfc062723c751e8b465ee728b)
Start importing Assets/Alstrainfinite/Usable Objs/Cabinet5.prefab using Guid(34200d5e11ca6e4458c2704cebebdc60) Importer(815301076,1909f56bfc062723c751e8b465ee728b)  -> (artifact id: '4709d140beca0c619a9a7c5c5bea7e44') in 0.011537 seconds 
  Import took 0.014027 seconds .

========================================================================
Received Import Request.
  Time since last request: 1.181783 seconds.
  path: Assets/Alstrainfinite/Usable Objs/Cabinet5.prefab
  artifactKey: Guid(34200d5e11ca6e4458c2704cebebdc60) Importer(815301076,1909f56bfc062723c751e8b465ee728b)
Start importing Assets/Alstrainfinite/Usable Objs/Cabinet5.prefab using Guid(34200d5e11ca6e4458c2704cebebdc60) Importer(815301076,1909f56bfc062723c751e8b465ee728b)  -> (artifact id: '4dc101b75bcd71095db781d48c573b18') in 0.007630 seconds 
  Import took 0.010175 seconds .

========================================================================
Received Import Request.
  Time since last request: 33.049550 seconds.
  path: Assets/Alstrainfinite/Usable Objs/Cabinet7.prefab
  artifactKey: Guid(52d564b3818bef94bbfc6f71d0950375) Importer(815301076,1909f56bfc062723c751e8b465ee728b)
Start importing Assets/Alstrainfinite/Usable Objs/Cabinet7.prefab using Guid(52d564b3818bef94bbfc6f71d0950375) Importer(815301076,1909f56bfc062723c751e8b465ee728b)  -> (artifact id: 'a7dd260f2c918ed3b1542c64fe95d54f') in 0.015559 seconds 
  Import took 0.017673 seconds .

========================================================================
Received Import Request.
  Time since last request: 4.315649 seconds.
  path: Assets/Alstrainfinite/Usable Objs/Cabinet7.prefab
  artifactKey: Guid(52d564b3818bef94bbfc6f71d0950375) Importer(815301076,1909f56bfc062723c751e8b465ee728b)
Start importing Assets/Alstrainfinite/Usable Objs/Cabinet7.prefab using Guid(52d564b3818bef94bbfc6f71d0950375) Importer(815301076,1909f56bfc062723c751e8b465ee728b)  -> (artifact id: '50bf97e53434a396ff571ec4f7230ddb') in 0.011866 seconds 
  Import took 0.014021 seconds .

========================================================================
Received Import Request.
  Time since last request: 12.260274 seconds.
  path: Assets/Alstrainfinite/Usable Objs/Cabinet7.prefab
  artifactKey: Guid(52d564b3818bef94bbfc6f71d0950375) Importer(815301076,1909f56bfc062723c751e8b465ee728b)
Start importing Assets/Alstrainfinite/Usable Objs/Cabinet7.prefab using Guid(52d564b3818bef94bbfc6f71d0950375) Importer(815301076,1909f56bfc062723c751e8b465ee728b)  -> (artifact id: 'e32c188a6104332a6f4a25e15210464e') in 0.010573 seconds 
  Import took 0.012669 seconds .

========================================================================
Received Import Request.
  Time since last request: 2.795321 seconds.
  path: Assets/Alstrainfinite/Usable Objs/Cabinet7.prefab
  artifactKey: Guid(52d564b3818bef94bbfc6f71d0950375) Importer(815301076,1909f56bfc062723c751e8b465ee728b)
Start importing Assets/Alstrainfinite/Usable Objs/Cabinet7.prefab using Guid(52d564b3818bef94bbfc6f71d0950375) Importer(815301076,1909f56bfc062723c751e8b465ee728b)  -> (artifact id: '71bd089dc79b0b23e7e6ce70448dd90b') in 0.011569 seconds 
  Import took 0.013891 seconds .

========================================================================
Received Import Request.
  Time since last request: 3.207811 seconds.
  path: Assets/Alstrainfinite/Usable Objs/Cabinet7.prefab
  artifactKey: Guid(52d564b3818bef94bbfc6f71d0950375) Importer(815301076,1909f56bfc062723c751e8b465ee728b)
Start importing Assets/Alstrainfinite/Usable Objs/Cabinet7.prefab using Guid(52d564b3818bef94bbfc6f71d0950375) Importer(815301076,1909f56bfc062723c751e8b465ee728b)  -> (artifact id: '8c952d11fe30544beb4af51806f696ec') in 0.012034 seconds 
  Import took 0.014610 seconds .

========================================================================
Received Import Request.
  Time since last request: 11.248279 seconds.
  path: Assets/Alstrainfinite/Usable Objs/Cabinet7.prefab
  artifactKey: Guid(52d564b3818bef94bbfc6f71d0950375) Importer(815301076,1909f56bfc062723c751e8b465ee728b)
Start importing Assets/Alstrainfinite/Usable Objs/Cabinet7.prefab using Guid(52d564b3818bef94bbfc6f71d0950375) Importer(815301076,1909f56bfc062723c751e8b465ee728b)  -> (artifact id: '4d49a4e0ca7d33fb5ed9726e9216e3fb') in 0.015078 seconds 
  Import took 0.018110 seconds .

========================================================================
Received Prepare
Registering precompiled user dll's ...
Registered in 0.003924 seconds.
Begin MonoManager ReloadAssembly
Native extension for WindowsStandalone target not found
Refreshing native plugins compatible for Editor in 0.30 ms, found 2 plugins.
Preloading 0 native plugins for Editor in 0.00 ms.
Mono: successfully reloaded assembly
- Completed reload, in  0.856 seconds
Domain Reload Profiling:
	ReloadAssembly (856ms)
		BeginReloadAssembly (107ms)
			ExecutionOrderSort (0ms)
			DisableScriptedObjects (3ms)
			BackupInstance (0ms)
			ReleaseScriptingObjects (0ms)
			CreateAndSetChildDomain (28ms)
		EndReloadAssembly (693ms)
			LoadAssemblies (79ms)
			RebuildTransferFunctionScriptingTraits (0ms)
			SetupTypeCache (234ms)
			ReleaseScriptCaches (1ms)
			RebuildScriptCaches (31ms)
			SetupLoadedEditorAssemblies (271ms)
				LogAssemblyErrors (0ms)
				InitializePlatformSupportModulesInManaged (4ms)
				SetLoadedEditorAssemblies (0ms)
				RefreshPlugins (0ms)
				BeforeProcessingInitializeOnLoad (66ms)
				ProcessInitializeOnLoadAttributes (184ms)
				ProcessInitializeOnLoadMethodAttributes (8ms)
				AfterProcessingInitializeOnLoad (7ms)
				EditorAssembliesLoaded (0ms)
			ExecutionOrderSort2 (0ms)
			AwakeInstancesAfterBackupRestoration (5ms)
Platform modules already initialized, skipping
Refreshing native plugins compatible for Editor in 0.28 ms, found 2 plugins.
Preloading 0 native plugins for Editor in 0.00 ms.
Unloading 1503 Unused Serialized files (Serialized files now loaded: 0)
System memory in use before: 72.7 MB.
System memory in use after: 72.8 MB.

Unloading 14 unused Assets to reduce memory usage. Loaded Objects now: 1988.
Total: 2.339700 ms (FindLiveObjects: 0.095200 ms CreateObjectMapping: 0.038200 ms MarkObjects: 2.192300 ms  DeleteObjects: 0.013300 ms)

AssetImportParameters requested are different than current active one (requested -> active):
  custom:framework-win-MediaFoundation: 216162199b28c13a410421893ffa2e32 -> 
  custom:video-decoder-ogg-theora: a1e56fd34408186e4bbccfd4996cb3dc -> 
  custom:container-muxer-webm: aa71ff27fc2769a1b78a27578f13a17b -> 
  custom:container-demuxer-webm: 4f35f7cbe854078d1ac9338744f61a02 -> 
  custom:container-demuxer-ogg: 62fdf1f143b41e24485cea50d1cbac27 -> 
  custom:video-encoder-webm-vp8: eb34c28f22e8b96e1ab97ce403110664 -> 
  custom:video-decoder-webm-vp8: 9c59270c3fd7afecdb556c50c9e8de78 -> 
  custom:audio-decoder-ogg-vorbis: bf7c407c2cedff20999df2af8eb42d56 -> 
  custom:audio-encoder-webm-vorbis: bf7c407c2cedff20999df2af8eb42d56 -> 
========================================================================
Received Prepare
Registering precompiled user dll's ...
Registered in 0.003741 seconds.
Begin MonoManager ReloadAssembly
Native extension for WindowsStandalone target not found
Refreshing native plugins compatible for Editor in 0.29 ms, found 2 plugins.
Preloading 0 native plugins for Editor in 0.00 ms.
Mono: successfully reloaded assembly
- Completed reload, in  0.851 seconds
Domain Reload Profiling:
	ReloadAssembly (851ms)
		BeginReloadAssembly (99ms)
			ExecutionOrderSort (0ms)
			DisableScriptedObjects (4ms)
			BackupInstance (0ms)
			ReleaseScriptingObjects (0ms)
			CreateAndSetChildDomain (24ms)
		EndReloadAssembly (697ms)
			LoadAssemblies (75ms)
			RebuildTransferFunctionScriptingTraits (0ms)
			SetupTypeCache (234ms)
			ReleaseScriptCaches (1ms)
			RebuildScriptCaches (42ms)
			SetupLoadedEditorAssemblies (248ms)
				LogAssemblyErrors (0ms)
				InitializePlatformSupportModulesInManaged (4ms)
				SetLoadedEditorAssemblies (0ms)
				RefreshPlugins (0ms)
				BeforeProcessingInitializeOnLoad (61ms)
				ProcessInitializeOnLoadAttributes (167ms)
				ProcessInitializeOnLoadMethodAttributes (7ms)
				AfterProcessingInitializeOnLoad (8ms)
				EditorAssembliesLoaded (0ms)
			ExecutionOrderSort2 (0ms)
			AwakeInstancesAfterBackupRestoration (6ms)
Platform modules already initialized, skipping
Refreshing native plugins compatible for Editor in 0.40 ms, found 2 plugins.
Preloading 0 native plugins for Editor in 0.00 ms.
Unloading 1503 Unused Serialized files (Serialized files now loaded: 0)
System memory in use before: 72.8 MB.
System memory in use after: 72.9 MB.

Unloading 14 unused Assets to reduce memory usage. Loaded Objects now: 1990.
Total: 2.293900 ms (FindLiveObjects: 0.101300 ms CreateObjectMapping: 0.058600 ms MarkObjects: 2.120600 ms  DeleteObjects: 0.012600 ms)

AssetImportParameters requested are different than current active one (requested -> active):
  custom:framework-win-MediaFoundation: 216162199b28c13a410421893ffa2e32 -> 
  custom:video-decoder-ogg-theora: a1e56fd34408186e4bbccfd4996cb3dc -> 
  custom:container-muxer-webm: aa71ff27fc2769a1b78a27578f13a17b -> 
  custom:container-demuxer-webm: 4f35f7cbe854078d1ac9338744f61a02 -> 
  custom:container-demuxer-ogg: 62fdf1f143b41e24485cea50d1cbac27 -> 
  custom:video-encoder-webm-vp8: eb34c28f22e8b96e1ab97ce403110664 -> 
  custom:video-decoder-webm-vp8: 9c59270c3fd7afecdb556c50c9e8de78 -> 
  custom:audio-decoder-ogg-vorbis: bf7c407c2cedff20999df2af8eb42d56 -> 
  custom:audio-encoder-webm-vorbis: bf7c407c2cedff20999df2af8eb42d56 -> 
========================================================================
Received Prepare
Registering precompiled user dll's ...
Registered in 0.003792 seconds.
Begin MonoManager ReloadAssembly
Native extension for WindowsStandalone target not found
Refreshing native plugins compatible for Editor in 0.27 ms, found 2 plugins.
Preloading 0 native plugins for Editor in 0.00 ms.
Mono: successfully reloaded assembly
- Completed reload, in  0.804 seconds
Domain Reload Profiling:
	ReloadAssembly (805ms)
		BeginReloadAssembly (97ms)
			ExecutionOrderSort (0ms)
			DisableScriptedObjects (4ms)
			BackupInstance (0ms)
			ReleaseScriptingObjects (0ms)
			CreateAndSetChildDomain (23ms)
		EndReloadAssembly (655ms)
			LoadAssemblies (76ms)
			RebuildTransferFunctionScriptingTraits (0ms)
			SetupTypeCache (227ms)
			ReleaseScriptCaches (1ms)
			RebuildScriptCaches (31ms)
			SetupLoadedEditorAssemblies (246ms)
				LogAssemblyErrors (0ms)
				InitializePlatformSupportModulesInManaged (4ms)
				SetLoadedEditorAssemblies (0ms)
				RefreshPlugins (0ms)
				BeforeProcessingInitializeOnLoad (62ms)
				ProcessInitializeOnLoadAttributes (164ms)
				ProcessInitializeOnLoadMethodAttributes (7ms)
				AfterProcessingInitializeOnLoad (7ms)
				EditorAssembliesLoaded (0ms)
			ExecutionOrderSort2 (0ms)
			AwakeInstancesAfterBackupRestoration (6ms)
Platform modules already initialized, skipping
Refreshing native plugins compatible for Editor in 0.28 ms, found 2 plugins.
Preloading 0 native plugins for Editor in 0.00 ms.
Unloading 1503 Unused Serialized files (Serialized files now loaded: 0)
System memory in use before: 72.8 MB.
System memory in use after: 72.9 MB.

Unloading 14 unused Assets to reduce memory usage. Loaded Objects now: 1992.
Total: 2.340800 ms (FindLiveObjects: 0.092700 ms CreateObjectMapping: 0.035300 ms MarkObjects: 2.198000 ms  DeleteObjects: 0.014000 ms)

AssetImportParameters requested are different than current active one (requested -> active):
  custom:framework-win-MediaFoundation: 216162199b28c13a410421893ffa2e32 -> 
  custom:video-decoder-ogg-theora: a1e56fd34408186e4bbccfd4996cb3dc -> 
  custom:container-muxer-webm: aa71ff27fc2769a1b78a27578f13a17b -> 
  custom:container-demuxer-webm: 4f35f7cbe854078d1ac9338744f61a02 -> 
  custom:container-demuxer-ogg: 62fdf1f143b41e24485cea50d1cbac27 -> 
  custom:video-encoder-webm-vp8: eb34c28f22e8b96e1ab97ce403110664 -> 
  custom:video-decoder-webm-vp8: 9c59270c3fd7afecdb556c50c9e8de78 -> 
  custom:audio-decoder-ogg-vorbis: bf7c407c2cedff20999df2af8eb42d56 -> 
  custom:audio-encoder-webm-vorbis: bf7c407c2cedff20999df2af8eb42d56 -> 
========================================================================
Received Prepare
Registering precompiled user dll's ...
Registered in 0.003990 seconds.
Begin MonoManager ReloadAssembly
Native extension for WindowsStandalone target not found
Refreshing native plugins compatible for Editor in 0.35 ms, found 2 plugins.
Preloading 0 native plugins for Editor in 0.00 ms.
Mono: successfully reloaded assembly
- Completed reload, in  0.924 seconds
Domain Reload Profiling:
	ReloadAssembly (924ms)
		BeginReloadAssembly (110ms)
			ExecutionOrderSort (0ms)
			DisableScriptedObjects (4ms)
			BackupInstance (0ms)
			ReleaseScriptingObjects (0ms)
			CreateAndSetChildDomain (26ms)
		EndReloadAssembly (757ms)
			LoadAssemblies (84ms)
			RebuildTransferFunctionScriptingTraits (0ms)
			SetupTypeCache (256ms)
			ReleaseScriptCaches (1ms)
			RebuildScriptCaches (33ms)
			SetupLoadedEditorAssemblies (297ms)
				LogAssemblyErrors (0ms)
				InitializePlatformSupportModulesInManaged (4ms)
				SetLoadedEditorAssemblies (0ms)
				RefreshPlugins (0ms)
				BeforeProcessingInitializeOnLoad (65ms)
				ProcessInitializeOnLoadAttributes (209ms)
				ProcessInitializeOnLoadMethodAttributes (9ms)
				AfterProcessingInitializeOnLoad (9ms)
				EditorAssembliesLoaded (0ms)
			ExecutionOrderSort2 (0ms)
			AwakeInstancesAfterBackupRestoration (7ms)
Platform modules already initialized, skipping
Refreshing native plugins compatible for Editor in 0.32 ms, found 2 plugins.
Preloading 0 native plugins for Editor in 0.00 ms.
Unloading 1503 Unused Serialized files (Serialized files now loaded: 0)
System memory in use before: 72.8 MB.
System memory in use after: 72.9 MB.

Unloading 14 unused Assets to reduce memory usage. Loaded Objects now: 1994.
Total: 2.688800 ms (FindLiveObjects: 0.113900 ms CreateObjectMapping: 0.047000 ms MarkObjects: 2.509700 ms  DeleteObjects: 0.017000 ms)

AssetImportParameters requested are different than current active one (requested -> active):
  custom:framework-win-MediaFoundation: 216162199b28c13a410421893ffa2e32 -> 
  custom:video-decoder-ogg-theora: a1e56fd34408186e4bbccfd4996cb3dc -> 
  custom:container-muxer-webm: aa71ff27fc2769a1b78a27578f13a17b -> 
  custom:container-demuxer-webm: 4f35f7cbe854078d1ac9338744f61a02 -> 
  custom:container-demuxer-ogg: 62fdf1f143b41e24485cea50d1cbac27 -> 
  custom:video-encoder-webm-vp8: eb34c28f22e8b96e1ab97ce403110664 -> 
  custom:video-decoder-webm-vp8: 9c59270c3fd7afecdb556c50c9e8de78 -> 
  custom:audio-decoder-ogg-vorbis: bf7c407c2cedff20999df2af8eb42d56 -> 
  custom:audio-encoder-webm-vorbis: bf7c407c2cedff20999df2af8eb42d56 -> 
========================================================================
Received Prepare
Registering precompiled user dll's ...
Registered in 0.004599 seconds.
Begin MonoManager ReloadAssembly
Native extension for WindowsStandalone target not found
Refreshing native plugins compatible for Editor in 0.28 ms, found 2 plugins.
Preloading 0 native plugins for Editor in 0.00 ms.
Mono: successfully reloaded assembly
- Completed reload, in  0.820 seconds
Domain Reload Profiling:
	ReloadAssembly (820ms)
		BeginReloadAssembly (97ms)
			ExecutionOrderSort (0ms)
			DisableScriptedObjects (4ms)
			BackupInstance (0ms)
			ReleaseScriptingObjects (0ms)
			CreateAndSetChildDomain (24ms)
		EndReloadAssembly (670ms)
			LoadAssemblies (75ms)
			RebuildTransferFunctionScriptingTraits (0ms)
			SetupTypeCache (235ms)
			ReleaseScriptCaches (1ms)
			RebuildScriptCaches (31ms)
			SetupLoadedEditorAssemblies (253ms)
				LogAssemblyErrors (0ms)
				InitializePlatformSupportModulesInManaged (4ms)
				SetLoadedEditorAssemblies (0ms)
				RefreshPlugins (0ms)
				BeforeProcessingInitializeOnLoad (61ms)
				ProcessInitializeOnLoadAttributes (172ms)
				ProcessInitializeOnLoadMethodAttributes (8ms)
				AfterProcessingInitializeOnLoad (8ms)
				EditorAssembliesLoaded (0ms)
			ExecutionOrderSort2 (0ms)
			AwakeInstancesAfterBackupRestoration (6ms)
Platform modules already initialized, skipping
Refreshing native plugins compatible for Editor in 0.34 ms, found 2 plugins.
Preloading 0 native plugins for Editor in 0.00 ms.
Unloading 1503 Unused Serialized files (Serialized files now loaded: 0)
System memory in use before: 72.8 MB.
System memory in use after: 72.9 MB.

Unloading 14 unused Assets to reduce memory usage. Loaded Objects now: 1996.
Total: 2.378500 ms (FindLiveObjects: 0.103900 ms CreateObjectMapping: 0.038400 ms MarkObjects: 2.216200 ms  DeleteObjects: 0.018900 ms)

AssetImportParameters requested are different than current active one (requested -> active):
  custom:framework-win-MediaFoundation: 216162199b28c13a410421893ffa2e32 -> 
  custom:video-decoder-ogg-theora: a1e56fd34408186e4bbccfd4996cb3dc -> 
  custom:container-muxer-webm: aa71ff27fc2769a1b78a27578f13a17b -> 
  custom:container-demuxer-webm: 4f35f7cbe854078d1ac9338744f61a02 -> 
  custom:container-demuxer-ogg: 62fdf1f143b41e24485cea50d1cbac27 -> 
  custom:video-encoder-webm-vp8: eb34c28f22e8b96e1ab97ce403110664 -> 
  custom:video-decoder-webm-vp8: 9c59270c3fd7afecdb556c50c9e8de78 -> 
  custom:audio-decoder-ogg-vorbis: bf7c407c2cedff20999df2af8eb42d56 -> 
  custom:audio-encoder-webm-vorbis: bf7c407c2cedff20999df2af8eb42d56 -> 
========================================================================
Received Prepare
Registering precompiled user dll's ...
Registered in 0.003765 seconds.
Begin MonoManager ReloadAssembly
Native extension for WindowsStandalone target not found
Refreshing native plugins compatible for Editor in 0.30 ms, found 2 plugins.
Preloading 0 native plugins for Editor in 0.00 ms.
Mono: successfully reloaded assembly
- Completed reload, in  0.807 seconds
Domain Reload Profiling:
	ReloadAssembly (807ms)
		BeginReloadAssembly (95ms)
			ExecutionOrderSort (0ms)
			DisableScriptedObjects (4ms)
			BackupInstance (0ms)
			ReleaseScriptingObjects (0ms)
			CreateAndSetChildDomain (23ms)
		EndReloadAssembly (659ms)
			LoadAssemblies (77ms)
			RebuildTransferFunctionScriptingTraits (0ms)
			SetupTypeCache (219ms)
			ReleaseScriptCaches (1ms)
			RebuildScriptCaches (31ms)
			SetupLoadedEditorAssemblies (246ms)
				LogAssemblyErrors (0ms)
				InitializePlatformSupportModulesInManaged (4ms)
				SetLoadedEditorAssemblies (0ms)
				RefreshPlugins (0ms)
				BeforeProcessingInitializeOnLoad (61ms)
				ProcessInitializeOnLoadAttributes (163ms)
				ProcessInitializeOnLoadMethodAttributes (8ms)
				AfterProcessingInitializeOnLoad (9ms)
				EditorAssembliesLoaded (0ms)
			ExecutionOrderSort2 (0ms)
			AwakeInstancesAfterBackupRestoration (8ms)
Platform modules already initialized, skipping
Refreshing native plugins compatible for Editor in 0.28 ms, found 2 plugins.
Preloading 0 native plugins for Editor in 0.00 ms.
Unloading 1503 Unused Serialized files (Serialized files now loaded: 0)
System memory in use before: 72.8 MB.
System memory in use after: 72.9 MB.

Unloading 14 unused Assets to reduce memory usage. Loaded Objects now: 1998.
Total: 2.194800 ms (FindLiveObjects: 0.098900 ms CreateObjectMapping: 0.040200 ms MarkObjects: 2.042500 ms  DeleteObjects: 0.012100 ms)

AssetImportParameters requested are different than current active one (requested -> active):
  custom:framework-win-MediaFoundation: 216162199b28c13a410421893ffa2e32 -> 
  custom:video-decoder-ogg-theora: a1e56fd34408186e4bbccfd4996cb3dc -> 
  custom:container-muxer-webm: aa71ff27fc2769a1b78a27578f13a17b -> 
  custom:container-demuxer-webm: 4f35f7cbe854078d1ac9338744f61a02 -> 
  custom:container-demuxer-ogg: 62fdf1f143b41e24485cea50d1cbac27 -> 
  custom:video-encoder-webm-vp8: eb34c28f22e8b96e1ab97ce403110664 -> 
  custom:video-decoder-webm-vp8: 9c59270c3fd7afecdb556c50c9e8de78 -> 
  custom:audio-decoder-ogg-vorbis: bf7c407c2cedff20999df2af8eb42d56 -> 
  custom:audio-encoder-webm-vorbis: bf7c407c2cedff20999df2af8eb42d56 -> 
========================================================================
Received Import Request.
  Time since last request: 261.554654 seconds.
  path: Assets/Scenes/SampleScene.unity
  artifactKey: Guid(9fc0d4010bbf28b4594072e72b8655ab) Importer(815301076,1909f56bfc062723c751e8b465ee728b)
Start importing Assets/Scenes/SampleScene.unity using Guid(9fc0d4010bbf28b4594072e72b8655ab) Importer(815301076,1909f56bfc062723c751e8b465ee728b)  -> (artifact id: '3631d7de253f58b96628955b5cb92d09') in 0.013569 seconds 
  Import took 0.030685 seconds .

AssetImportWorkerClient::OnTransportError - code=2 error=End of file
